job_id,workload_name,profile,submission_time,requested_number_of_resources,requested_time,success,final_state,starting_time,execution_time,finish_time,waiting_time,turnaround_time,stretch,allocated_resources,consumed_energy
3,w0,delay_ft.B.4,38.0,4,96,1,COMPLETED_SUCCESSFULLY,38.0,36.0,74.0,0.0,36.0,0.0,4-7,-1
0,w0,delay_ft.B.1,0.0,1,149,1,COMPLETED_SUCCESSFULLY,0.0,88.0,88.0,0.0,88.0,0.0,0,-1
6,w0,delay_is.C.4,95.0,4,77,1,COMPLETED_SUCCESSFULLY,95.0,17.0,112.0,0.0,17.0,0.0,0 4-6,-1
4,w0,delay_ft.B.1,54.0,1,149,1,COMPLETED_SUCCESSFULLY,54.0,88.0,142.0,0.0,88.0,0.0,8,-1
7,w0,delay_is.C.2,121.0,2,87,1,COMPLETED_SUCCESSFULLY,121.0,27.0,148.0,0.0,27.0,0.0,0 4,-1
1,w0,delay_ft.C.2,4.0,2,399,1,COMPLETED_SUCCESSFULLY,4.0,266.0,270.0,0.0,266.0,0.0,1-2,-1
2,w0,delay_lu.B.1,16.0,1,420,1,COMPLETED_SUCCESSFULLY,16.0,279.0,295.0,0.0,279.0,0.0,3,-1
5,w0,delay_lu.B.1,70.0,1,420,1,COMPLETED_SUCCESSFULLY,70.0,280.0,350.0,0.0,280.0,0.0,9,-1
11,w0,delay_lu.B.8,153.0,8,109,1,COMPLETED_SUCCESSFULLY,350.0,49.0,399.0,197.0,246.0,1.8073394495412844,0-4 9 14-15,-1
13,w0,delay_is.B.1,168.0,1,70,1,COMPLETED_SUCCESSFULLY,399.0,9.0,408.0,231.0,240.0,3.3,2,-1
12,w0,delay_is.C.2,164.0,2,87,1,COMPLETED_SUCCESSFULLY,399.0,26.0,425.0,235.0,261.0,2.7011494252873565,0-1,-1
14,w0,delay_is.C.2,179.0,2,87,1,COMPLETED_SUCCESSFULLY,399.0,26.0,425.0,220.0,246.0,2.528735632183908,3-4,-1
9,w0,delay_lu.C.4,136.0,4,436,1,COMPLETED_SUCCESSFULLY,136.0,290.0,426.0,0.0,290.0,0.0,7 10-12,-1
16,w0,delay_ft.B.2,211.0,2,123,1,COMPLETED_SUCCESSFULLY,408.0,62.0,470.0,197.0,259.0,1.6016260162601625,2 15,-1
17,w0,delay_lu.B.4,221.0,4,148,1,COMPLETED_SUCCESSFULLY,425.0,88.0,513.0,204.0,292.0,1.3783783783783783,0-1 3-4,-1
15,w0,delay_lu.B.2,193.0,2,212,1,COMPLETED_SUCCESSFULLY,399.0,141.0,540.0,206.0,347.0,0.9716981132075472,9 14,-1
18,w0,delay_lu.C.4,222.0,4,436,1,COMPLETED_SUCCESSFULLY,426.0,291.0,717.0,204.0,495.0,0.46788990825688076,7 10-12,-1
8,w0,delay_lu.C.2,126.0,2,891,1,COMPLETED_SUCCESSFULLY,126.0,594.0,720.0,0.0,594.0,0.0,5-6,-1
10,w0,delay_lu.C.2,142.0,2,891,1,COMPLETED_SUCCESSFULLY,142.0,594.0,736.0,0.0,594.0,0.0,8 13,-1
19,w0,delay_lu.B.16,240.0,16,86,1,COMPLETED_SUCCESSFULLY,736.0,26.0,762.0,496.0,522.0,5.767441860465116,0-15,-1
21,w0,delay_is.C.8,265.0,8,70,1,COMPLETED_SUCCESSFULLY,762.0,9.0,771.0,497.0,506.0,7.1,1-8,-1
24,w0,delay_ft.B.4,302.0,4,96,1,COMPLETED_SUCCESSFULLY,771.0,36.0,807.0,469.0,505.0,4.885416666666667,1-4,-1
27,w0,delay_is.C.2,336.0,2,87,1,COMPLETED_SUCCESSFULLY,807.0,27.0,834.0,471.0,498.0,5.413793103448276,1-2,-1
20,w0,delay_ft.B.1,253.0,1,149,1,COMPLETED_SUCCESSFULLY,762.0,88.0,850.0,509.0,597.0,3.4161073825503356,0,-1
22,w0,delay_lu.B.2,283.0,2,212,1,COMPLETED_SUCCESSFULLY,762.0,141.0,903.0,479.0,620.0,2.259433962264151,9-10,-1
25,w0,delay_lu.B.2,308.0,2,212,1,COMPLETED_SUCCESSFULLY,771.0,141.0,912.0,463.0,604.0,2.1839622641509435,5-6,-1
31,w0,delay_ft.B.1,389.0,1,149,1,COMPLETED_SUCCESSFULLY,834.0,88.0,922.0,445.0,533.0,2.9865771812080535,2,-1
34,w0,delay_is.C.2,435.0,2,87,1,COMPLETED_SUCCESSFULLY,912.0,27.0,939.0,477.0,504.0,5.482758620689655,5-6,-1
26,w0,delay_ft.C.2,324.0,2,399,1,COMPLETED_SUCCESSFULLY,771.0,266.0,1037.0,447.0,713.0,1.1203007518796992,7-8,-1
23,w0,delay_lu.C.4,290.0,4,436,1,COMPLETED_SUCCESSFULLY,762.0,290.0,1052.0,472.0,762.0,1.0825688073394495,11-14,-1
28,w0,delay_lu.B.1,346.0,1,420,1,COMPLETED_SUCCESSFULLY,807.0,280.0,1087.0,461.0,741.0,1.0976190476190477,3,-1
36,w0,delay_ft.B.4,453.0,4,96,1,COMPLETED_SUCCESSFULLY,1052.0,36.0,1088.0,599.0,635.0,6.239583333333333,8 11-13,-1
37,w0,delay_is.B.4,459.0,4,64,1,COMPLETED_SUCCESSFULLY,1088.0,4.0,1092.0,629.0,633.0,9.828125,3 8 11-12,-1
30,w0,delay_lu.B.1,378.0,1,420,1,COMPLETED_SUCCESSFULLY,834.0,280.0,1114.0,456.0,736.0,1.0857142857142856,1,-1
32,w0,delay_ft.C.1,400.0,1,580,1,COMPLETED_SUCCESSFULLY,850.0,387.0,1237.0,450.0,837.0,0.7758620689655172,0,-1
38,w0,delay_ft.C.8,486.0,8,141,1,COMPLETED_SUCCESSFULLY,1237.0,81.0,1318.0,751.0,832.0,5.326241134751773,0-1 3 8 11-14,-1
39,w0,delay_is.B.2,491.0,2,67,1,COMPLETED_SUCCESSFULLY,1318.0,6.0,1324.0,827.0,833.0,12.343283582089553,0-1,-1
35,w0,delay_lu.C.4,444.0,4,436,1,COMPLETED_SUCCESSFULLY,1037.0,291.0,1328.0,593.0,884.0,1.360091743119266,2 5-7,-1
40,w0,delay_is.C.8,496.0,8,70,1,COMPLETED_SUCCESSFULLY,1324.0,10.0,1334.0,828.0,838.0,11.82857142857143,0-1 3 8 11-14,-1
41,w0,delay_is.B.2,510.0,2,67,1,COMPLETED_SUCCESSFULLY,1328.0,6.0,1334.0,818.0,824.0,12.208955223880597,2 5,-1
42,w0,delay_is.B.2,530.0,2,67,1,COMPLETED_SUCCESSFULLY,1328.0,6.0,1334.0,798.0,804.0,11.91044776119403,6-7,-1
43,w0,delay_is.B.2,545.0,2,67,1,COMPLETED_SUCCESSFULLY,1334.0,6.0,1340.0,789.0,795.0,11.776119402985074,0-1,-1
47,w0,delay_is.B.2,581.0,2,67,1,COMPLETED_SUCCESSFULLY,1334.0,7.0,1341.0,753.0,760.0,11.238805970149254,5-6,-1
45,w0,delay_ft.B.2,563.0,2,123,1,COMPLETED_SUCCESSFULLY,1334.0,62.0,1396.0,771.0,833.0,6.2682926829268295,13-14,-1
29,w0,delay_lu.C.2,358.0,2,891,1,COMPLETED_SUCCESSFULLY,807.0,594.0,1401.0,449.0,1043.0,0.5039281705948373,4 15,-1
49,w0,delay_ft.B.1,613.0,1,149,1,COMPLETED_SUCCESSFULLY,1401.0,89.0,1490.0,788.0,877.0,5.2885906040268456,15,-1
33,w0,delay_lu.C.2,419.0,2,891,1,COMPLETED_SUCCESSFULLY,903.0,593.0,1496.0,484.0,1077.0,0.5432098765432098,9-10,-1
50,w0,delay_ft.B.2,627.0,2,123,1,COMPLETED_SUCCESSFULLY,1496.0,63.0,1559.0,869.0,932.0,7.065040650406504,9-10,-1
48,w0,delay_lu.C.8,603.0,8,269,1,COMPLETED_SUCCESSFULLY,1401.0,179.0,1580.0,798.0,977.0,2.966542750929368,0-1 4-7 13-14,-1
53,w0,delay_is.B.2,667.0,2,67,1,COMPLETED_SUCCESSFULLY,1580.0,7.0,1587.0,913.0,920.0,13.626865671641792,4-5,-1
56,w0,delay_is.B.4,708.0,4,64,1,COMPLETED_SUCCESSFULLY,1587.0,4.0,1591.0,879.0,883.0,13.734375,4-5 14-15,-1
57,w0,delay_is.B.2,711.0,2,67,1,COMPLETED_SUCCESSFULLY,1591.0,6.0,1597.0,880.0,886.0,13.134328358208956,4-5,-1
58,w0,delay_is.B.1,728.0,1,70,1,COMPLETED_SUCCESSFULLY,1591.0,9.0,1600.0,863.0,872.0,12.32857142857143,14,-1
44,w0,delay_lu.C.4,559.0,4,436,1,COMPLETED_SUCCESSFULLY,1334.0,290.0,1624.0,775.0,1065.0,1.7775229357798166,3 8 11-12,-1
59,w0,delay_ft.B.2,751.0,2,123,1,COMPLETED_SUCCESSFULLY,1597.0,62.0,1659.0,846.0,908.0,6.878048780487805,4-5,-1
64,w0,delay_is.B.2,809.0,2,67,1,COMPLETED_SUCCESSFULLY,1659.0,7.0,1666.0,850.0,857.0,12.686567164179104,4-5,-1
55,w0,delay_ft.B.1,694.0,1,149,1,COMPLETED_SUCCESSFULLY,1580.0,89.0,1669.0,886.0,975.0,5.946308724832215,13,-1
65,w0,delay_is.B.1,817.0,1,70,1,COMPLETED_SUCCESSFULLY,1666.0,9.0,1675.0,849.0,858.0,12.128571428571428,4,-1
62,w0,delay_ft.B.1,801.0,1,149,1,COMPLETED_SUCCESSFULLY,1624.0,89.0,1713.0,823.0,912.0,5.523489932885906,11,-1
46,w0,delay_ft.C.1,571.0,1,580,1,COMPLETED_SUCCESSFULLY,1334.0,387.0,1721.0,763.0,1150.0,1.3155172413793104,2,-1
52,w0,delay_lu.B.2,665.0,2,212,1,COMPLETED_SUCCESSFULLY,1580.0,141.0,1721.0,915.0,1056.0,4.316037735849057,0-1,-1
69,w0,delay_is.B.1,861.0,1,70,1,COMPLETED_SUCCESSFULLY,1721.0,9.0,1730.0,860.0,869.0,12.285714285714286,11,-1
68,w0,delay_is.C.4,857.0,4,77,1,COMPLETED_SUCCESSFULLY,1721.0,17.0,1738.0,864.0,881.0,11.220779220779221,0-2 4,-1
60,w0,delay_lu.B.2,772.0,2,212,1,COMPLETED_SUCCESSFULLY,1600.0,141.0,1741.0,828.0,969.0,3.9056603773584904,14-15,-1
72,w0,delay_is.B.1,924.0,1,70,1,COMPLETED_SUCCESSFULLY,1738.0,9.0,1747.0,814.0,823.0,11.628571428571428,11,-1
66,w0,delay_ft.B.1,825.0,1,149,1,COMPLETED_SUCCESSFULLY,1666.0,88.0,1754.0,841.0,929.0,5.644295302013423,5,-1
51,w0,delay_ft.C.2,641.0,2,399,1,COMPLETED_SUCCESSFULLY,1559.0,265.0,1824.0,918.0,1183.0,2.300751879699248,9-10,-1
74,w0,delay_is.B.1,967.0,1,70,1,COMPLETED_SUCCESSFULLY,1824.0,10.0,1834.0,857.0,867.0,12.242857142857142,9,-1
54,w0,delay_ft.C.2,683.0,2,399,1,COMPLETED_SUCCESSFULLY,1580.0,266.0,1846.0,897.0,1163.0,2.2481203007518795,6-7,-1
70,w0,delay_lu.B.2,881.0,2,212,1,COMPLETED_SUCCESSFULLY,1738.0,141.0,1879.0,857.0,998.0,4.0424528301886795,0-1,-1
71,w0,delay_lu.B.2,904.0,2,212,1,COMPLETED_SUCCESSFULLY,1738.0,141.0,1879.0,834.0,975.0,3.9339622641509435,2 4,-1
61,w0,delay_ft.C.2,782.0,2,399,1,COMPLETED_SUCCESSFULLY,1624.0,266.0,1890.0,842.0,1108.0,2.110275689223058,3 8,-1
77,w0,delay_is.C.4,995.0,4,77,1,COMPLETED_SUCCESSFULLY,1879.0,16.0,1895.0,884.0,900.0,11.480519480519481,0-2 4,-1
63,w0,delay_lu.B.1,806.0,1,420,1,COMPLETED_SUCCESSFULLY,1624.0,280.0,1904.0,818.0,1098.0,1.9476190476190476,12,-1
80,w0,delay_lu.B.2,1033.0,2,212,1,COMPLETED_SUCCESSFULLY,1895.0,141.0,2036.0,862.0,1003.0,4.066037735849057,4 8,-1
73,w0,delay_lu.C.4,955.0,4,436,1,COMPLETED_SUCCESSFULLY,1754.0,291.0,2045.0,799.0,1090.0,1.8325688073394495,5 11 14-15,-1
79,w0,delay_ft.C.4,1028.0,4,228,1,COMPLETED_SUCCESSFULLY,1895.0,152.0,2047.0,867.0,1019.0,3.8026315789473686,0-3,-1
84,w0,delay_is.B.4,1090.0,4,64,1,COMPLETED_SUCCESSFULLY,2047.0,4.0,2051.0,957.0,961.0,14.953125,0-3,-1
82,w0,delay_is.B.2,1069.0,2,67,1,COMPLETED_SUCCESSFULLY,2045.0,7.0,2052.0,976.0,983.0,14.567164179104477,5 11,-1
67,w0,delay_ft.C.1,836.0,1,580,1,COMPLETED_SUCCESSFULLY,1669.0,386.0,2055.0,833.0,1219.0,1.436206896551724,13,-1
87,w0,delay_is.B.2,1133.0,2,67,1,COMPLETED_SUCCESSFULLY,2055.0,7.0,2062.0,922.0,929.0,13.761194029850746,13 15,-1
76,w0,delay_lu.B.1,994.0,1,420,1,COMPLETED_SUCCESSFULLY,1834.0,280.0,2114.0,840.0,1120.0,2.0,9,-1
86,w0,delay_ft.B.2,1122.0,2,123,1,COMPLETED_SUCCESSFULLY,2052.0,62.0,2114.0,930.0,992.0,7.560975609756097,5 11,-1
83,w0,delay_lu.B.2,1084.0,2,212,1,COMPLETED_SUCCESSFULLY,2045.0,141.0,2186.0,961.0,1102.0,4.533018867924528,12 14,-1
75,w0,delay_ft.C.1,975.0,1,580,1,COMPLETED_SUCCESSFULLY,1824.0,387.0,2211.0,849.0,1236.0,1.4637931034482758,10,-1
88,w0,delay_is.C.8,1149.0,8,70,1,COMPLETED_SUCCESSFULLY,2211.0,9.0,2220.0,1062.0,1071.0,15.17142857142857,5 9-15,-1
90,w0,delay_is.B.2,1177.0,2,67,1,COMPLETED_SUCCESSFULLY,2220.0,7.0,2227.0,1043.0,1050.0,15.567164179104477,10-11,-1
85,w0,delay_lu.C.4,1099.0,4,436,1,COMPLETED_SUCCESSFULLY,2051.0,291.0,2342.0,952.0,1243.0,2.18348623853211,0-3,-1
92,w0,delay_is.C.2,1208.0,2,87,1,COMPLETED_SUCCESSFULLY,2342.0,26.0,2368.0,1134.0,1160.0,13.03448275862069,14-15,-1
78,w0,delay_lu.C.2,1020.0,2,891,1,COMPLETED_SUCCESSFULLY,1879.0,593.0,2472.0,859.0,1452.0,0.9640852974186308,6-7,-1
89,w0,delay_ft.C.2,1162.0,2,399,1,COMPLETED_SUCCESSFULLY,2220.0,266.0,2486.0,1058.0,1324.0,2.6516290726817044,5 9,-1
97,w0,delay_is.B.1,1273.0,1,70,1,COMPLETED_SUCCESSFULLY,2486.0,9.0,2495.0,1213.0,1222.0,17.32857142857143,9,-1
98,w0,delay_is.B.1,1287.0,1,70,1,COMPLETED_SUCCESSFULLY,2495.0,10.0,2505.0,1208.0,1218.0,17.257142857142856,9,-1
91,w0,delay_lu.C.8,1181.0,8,269,1,COMPLETED_SUCCESSFULLY,2342.0,179.0,2521.0,1161.0,1340.0,4.315985130111524,0-3 10-13,-1
99,w0,delay_ft.C.8,1300.0,8,141,1,COMPLETED_SUCCESSFULLY,2521.0,81.0,2602.0,1221.0,1302.0,8.659574468085106,0-3 9-12,-1
100,w0,delay_is.B.2,1319.0,2,67,1,COMPLETED_SUCCESSFULLY,2602.0,6.0,2608.0,1283.0,1289.0,19.149253731343283,0-1,-1
94,w0,delay_lu.B.2,1232.0,2,212,1,COMPLETED_SUCCESSFULLY,2472.0,141.0,2613.0,1240.0,1381.0,5.849056603773585,6-7,-1
81,w0,delay_lu.C.2,1057.0,2,891,1,COMPLETED_SUCCESSFULLY,2036.0,594.0,2630.0,979.0,1573.0,1.0987654320987654,4 8,-1
93,w0,delay_lu.B.1,1232.0,1,420,1,COMPLETED_SUCCESSFULLY,2368.0,280.0,2648.0,1136.0,1416.0,2.704761904761905,14,-1
102,w0,delay_lu.B.2,1341.0,2,212,1,COMPLETED_SUCCESSFULLY,2602.0,141.0,2743.0,1261.0,1402.0,5.94811320754717,11-12,-1
95,w0,delay_lu.B.1,1246.0,1,420,1,COMPLETED_SUCCESSFULLY,2472.0,280.0,2752.0,1226.0,1506.0,2.919047619047619,15,-1
96,w0,delay_ft.C.1,1267.0,1,580,1,COMPLETED_SUCCESSFULLY,2486.0,387.0,2873.0,1219.0,1606.0,2.1017241379310345,5,-1
101,w0,delay_lu.C.4,1325.0,4,436,1,COMPLETED_SUCCESSFULLY,2602.0,290.0,2892.0,1277.0,1567.0,2.9288990825688073,2-3 9-10,-1
105,w0,delay_lu.B.1,1377.0,1,420,1,COMPLETED_SUCCESSFULLY,2613.0,280.0,2893.0,1236.0,1516.0,2.942857142857143,13,-1
107,w0,delay_is.C.2,1414.0,2,87,1,COMPLETED_SUCCESSFULLY,2892.0,27.0,2919.0,1478.0,1505.0,16.988505747126435,12 14,-1
106,w0,delay_lu.C.8,1390.0,8,269,1,COMPLETED_SUCCESSFULLY,2892.0,179.0,3071.0,1502.0,1681.0,5.58364312267658,2-5 8-11,-1
111,w0,delay_is.C.4,1473.0,4,77,1,COMPLETED_SUCCESSFULLY,3071.0,17.0,3088.0,1598.0,1615.0,20.753246753246753,4-5 8-9,-1
108,w0,delay_ft.C.2,1425.0,2,399,1,COMPLETED_SUCCESSFULLY,2893.0,266.0,3159.0,1468.0,1734.0,3.6791979949874687,13 15,-1
109,w0,delay_lu.B.1,1438.0,1,420,1,COMPLETED_SUCCESSFULLY,2919.0,280.0,3199.0,1481.0,1761.0,3.526190476190476,12,-1
103,w0,delay_lu.C.2,1353.0,2,891,1,COMPLETED_SUCCESSFULLY,2608.0,594.0,3202.0,1255.0,1849.0,1.4085297418630751,0-1,-1
104,w0,delay_lu.C.2,1366.0,2,891,1,COMPLETED_SUCCESSFULLY,2613.0,594.0,3207.0,1247.0,1841.0,1.3995510662177328,6-7,-1
110,w0,delay_lu.C.2,1455.0,2,891,1,COMPLETED_SUCCESSFULLY,3071.0,594.0,3665.0,1616.0,2210.0,1.813692480359147,2-3,-1
112,w0,delay_lu.B.16,1475.0,16,86,1,COMPLETED_SUCCESSFULLY,3665.0,26.0,3691.0,2190.0,2216.0,25.46511627906977,0-15,-1
114,w0,delay_is.B.1,1500.0,1,70,1,COMPLETED_SUCCESSFULLY,3691.0,9.0,3700.0,2191.0,2200.0,31.3,4,-1
119,w0,delay_is.B.1,1568.0,1,70,1,COMPLETED_SUCCESSFULLY,3691.0,9.0,3700.0,2123.0,2132.0,30.32857142857143,13,-1
120,w0,delay_is.B.1,1580.0,1,70,1,COMPLETED_SUCCESSFULLY,3691.0,9.0,3700.0,2111.0,2120.0,30.15714285714286,14,-1
116,w0,delay_ft.B.1,1530.0,1,149,1,COMPLETED_SUCCESSFULLY,3691.0,88.0,3779.0,2161.0,2249.0,14.503355704697986,7,-1
118,w0,delay_ft.C.4,1559.0,4,228,1,COMPLETED_SUCCESSFULLY,3691.0,152.0,3843.0,2132.0,2284.0,9.350877192982455,9-12,-1
122,w0,delay_ft.C.2,1607.0,2,399,1,COMPLETED_SUCCESSFULLY,3700.0,266.0,3966.0,2093.0,2359.0,5.245614035087719,13-14,-1
113,w0,delay_lu.C.4,1488.0,4,436,1,COMPLETED_SUCCESSFULLY,3691.0,290.0,3981.0,2203.0,2493.0,5.052752293577981,0-3,-1
123,w0,delay_lu.B.2,1617.0,2,212,1,COMPLETED_SUCCESSFULLY,3843.0,141.0,3984.0,2226.0,2367.0,10.5,7 9,-1
117,w0,delay_ft.C.1,1546.0,1,580,1,COMPLETED_SUCCESSFULLY,3691.0,386.0,4077.0,2145.0,2531.0,3.6982758620689653,8,-1
125,w0,delay_lu.B.1,1646.0,1,420,1,COMPLETED_SUCCESSFULLY,3843.0,280.0,4123.0,2197.0,2477.0,5.230952380952381,11,-1
124,w0,delay_ft.C.1,1637.0,1,580,1,COMPLETED_SUCCESSFULLY,3843.0,386.0,4229.0,2206.0,2592.0,3.803448275862069,10,-1
115,w0,delay_lu.C.2,1515.0,2,891,1,COMPLETED_SUCCESSFULLY,3691.0,593.0,4284.0,2176.0,2769.0,2.442199775533109,5-6,-1
121,w0,delay_lu.C.2,1596.0,2,891,1,COMPLETED_SUCCESSFULLY,3700.0,594.0,4294.0,2104.0,2698.0,2.361391694725028,4 15,-1
126,w0,delay_ft.C.16,1650.0,16,102,1,COMPLETED_SUCCESSFULLY,4294.0,42.0,4336.0,2644.0,2686.0,25.92156862745098,0-15,-1
129,w0,delay_is.B.4,1698.0,4,64,1,COMPLETED_SUCCESSFULLY,4336.0,4.0,4340.0,2638.0,2642.0,41.21875,10-13,-1
131,w0,delay_is.C.2,1739.0,2,87,1,COMPLETED_SUCCESSFULLY,4340.0,26.0,4366.0,2601.0,2627.0,29.896551724137932,10-11,-1
127,w0,delay_lu.B.8,1674.0,8,109,1,COMPLETED_SUCCESSFULLY,4336.0,48.0,4384.0,2662.0,2710.0,24.422018348623855,0-7,-1
133,w0,delay_is.B.2,1764.0,2,67,1,COMPLETED_SUCCESSFULLY,4384.0,7.0,4391.0,2620.0,2627.0,39.1044776119403,0-1,-1
134,w0,delay_is.C.2,1775.0,2,87,1,COMPLETED_SUCCESSFULLY,4384.0,27.0,4411.0,2609.0,2636.0,29.988505747126435,2-3,-1
135,w0,delay_is.C.2,1783.0,2,87,1,COMPLETED_SUCCESSFULLY,4384.0,27.0,4411.0,2601.0,2628.0,29.896551724137932,4-5,-1
139,w0,delay_ft.B.4,1850.0,4,96,1,COMPLETED_SUCCESSFULLY,4411.0,36.0,4447.0,2561.0,2597.0,26.677083333333332,2-5,-1
132,w0,delay_lu.B.4,1759.0,4,148,1,COMPLETED_SUCCESSFULLY,4366.0,88.0,4454.0,2607.0,2695.0,17.614864864864863,10-13,-1
137,w0,delay_ft.B.1,1838.0,1,149,1,COMPLETED_SUCCESSFULLY,4384.0,89.0,4473.0,2546.0,2635.0,17.08724832214765,15,-1
128,w0,delay_lu.B.2,1680.0,2,212,1,COMPLETED_SUCCESSFULLY,4336.0,141.0,4477.0,2656.0,2797.0,12.528301886792454,8-9,-1
140,w0,delay_ft.B.1,1864.0,1,149,1,COMPLETED_SUCCESSFULLY,4447.0,88.0,4535.0,2583.0,2671.0,17.335570469798657,2,-1
142,w0,delay_ft.C.8,1883.0,8,141,1,COMPLETED_SUCCESSFULLY,4477.0,80.0,4557.0,2594.0,2674.0,18.397163120567377,5 8-13 15,-1
145,w0,delay_is.C.2,1924.0,2,87,1,COMPLETED_SUCCESSFULLY,4557.0,27.0,4584.0,2633.0,2660.0,30.264367816091955,12-13,-1
143,w0,delay_ft.B.4,1897.0,4,96,1,COMPLETED_SUCCESSFULLY,4557.0,36.0,4593.0,2660.0,2696.0,27.708333333333332,2 5 8-9,-1
146,w0,delay_ft.B.4,1941.0,4,96,1,COMPLETED_SUCCESSFULLY,4593.0,36.0,4629.0,2652.0,2688.0,27.625,2 5 8-9,-1
136,w0,delay_ft.C.2,1817.0,2,399,1,COMPLETED_SUCCESSFULLY,4384.0,266.0,4650.0,2567.0,2833.0,6.4335839598997495,6-7,-1
147,w0,delay_is.B.8,1947.0,8,63,1,COMPLETED_SUCCESSFULLY,4650.0,3.0,4653.0,2703.0,2706.0,42.904761904761905,2 5-9 12-13,-1
138,w0,delay_ft.C.2,1849.0,2,399,1,COMPLETED_SUCCESSFULLY,4391.0,266.0,4657.0,2542.0,2808.0,6.370927318295739,0-1,-1
149,w0,delay_is.B.2,1974.0,2,67,1,COMPLETED_SUCCESSFULLY,4653.0,6.0,4659.0,2679.0,2685.0,39.985074626865675,2 5,-1
151,w0,delay_is.B.2,1997.0,2,67,1,COMPLETED_SUCCESSFULLY,4653.0,6.0,4659.0,2656.0,2662.0,39.64179104477612,8-9,-1
152,w0,delay_is.B.2,2014.0,2,67,1,COMPLETED_SUCCESSFULLY,4653.0,6.0,4659.0,2639.0,2645.0,39.38805970149254,12-13,-1
154,w0,delay_is.B.2,2047.0,2,67,1,COMPLETED_SUCCESSFULLY,4659.0,7.0,4666.0,2612.0,2619.0,38.985074626865675,2 5,-1
150,w0,delay_is.C.2,1992.0,2,87,1,COMPLETED_SUCCESSFULLY,4653.0,26.0,4679.0,2661.0,2687.0,30.586206896551722,6-7,-1
155,w0,delay_is.C.2,2052.0,2,87,1,COMPLETED_SUCCESSFULLY,4659.0,27.0,4686.0,2607.0,2634.0,29.96551724137931,8-9,-1
141,w0,delay_ft.C.2,1867.0,2,399,1,COMPLETED_SUCCESSFULLY,4447.0,266.0,4713.0,2580.0,2846.0,6.466165413533835,3-4,-1
130,w0,delay_ft.C.1,1715.0,1,580,1,COMPLETED_SUCCESSFULLY,4336.0,386.0,4722.0,2621.0,3007.0,4.518965517241379,14,-1
148,w0,delay_ft.B.1,1971.0,1,149,1,COMPLETED_SUCCESSFULLY,4650.0,89.0,4739.0,2679.0,2768.0,17.97986577181208,15,-1
144,w0,delay_lu.C.2,1911.0,2,891,1,COMPLETED_SUCCESSFULLY,4557.0,594.0,5151.0,2646.0,3240.0,2.9696969696969697,10-11,-1
153,w0,delay_lu.C.2,2023.0,2,891,1,COMPLETED_SUCCESSFULLY,4657.0,593.0,5250.0,2634.0,3227.0,2.9562289562289563,0-1,-1
156,w0,delay_lu.C.16,2065.0,16,156,1,COMPLETED_SUCCESSFULLY,5250.0,96.0,5346.0,3185.0,3281.0,20.416666666666668,0-15,-1
161,w0,delay_is.B.2,2129.0,2,67,1,COMPLETED_SUCCESSFULLY,5346.0,7.0,5353.0,3217.0,3224.0,48.014925373134325,4-5,-1
157,w0,delay_is.B.1,2082.0,1,70,1,COMPLETED_SUCCESSFULLY,5346.0,9.0,5355.0,3264.0,3273.0,46.628571428571426,0,-1
159,w0,delay_is.B.1,2101.0,1,70,1,COMPLETED_SUCCESSFULLY,5346.0,9.0,5355.0,3245.0,3254.0,46.357142857142854,2,-1
160,w0,delay_is.B.1,2120.0,1,70,1,COMPLETED_SUCCESSFULLY,5346.0,9.0,5355.0,3226.0,3235.0,46.08571428571429,3,-1
167,w0,delay_is.B.2,2217.0,2,67,1,COMPLETED_SUCCESSFULLY,5355.0,7.0,5362.0,3138.0,3145.0,46.83582089552239,0 2,-1
162,w0,delay_ft.B.2,2135.0,2,123,1,COMPLETED_SUCCESSFULLY,5346.0,62.0,5408.0,3211.0,3273.0,26.10569105691057,6-7,-1
163,w0,delay_ft.B.2,2146.0,2,123,1,COMPLETED_SUCCESSFULLY,5346.0,62.0,5408.0,3200.0,3262.0,26.016260162601625,8-9,-1
165,w0,delay_lu.B.4,2187.0,4,148,1,COMPLETED_SUCCESSFULLY,5346.0,88.0,5434.0,3159.0,3247.0,21.344594594594593,12-15,-1
166,w0,delay_lu.B.2,2204.0,2,212,1,COMPLETED_SUCCESSFULLY,5353.0,141.0,5494.0,3149.0,3290.0,14.85377358490566,4-5,-1
172,w0,delay_ft.B.2,2301.0,2,123,1,COMPLETED_SUCCESSFULLY,5434.0,62.0,5496.0,3133.0,3195.0,25.471544715447155,12-13,-1
171,w0,delay_ft.C.4,2282.0,4,228,1,COMPLETED_SUCCESSFULLY,5408.0,152.0,5560.0,3126.0,3278.0,13.710526315789474,6-9,-1
174,w0,delay_is.C.8,2330.0,8,70,1,COMPLETED_SUCCESSFULLY,5560.0,10.0,5570.0,3230.0,3240.0,46.142857142857146,4-9 12-13,-1
158,w0,delay_lu.B.1,2095.0,1,420,1,COMPLETED_SUCCESSFULLY,5346.0,280.0,5626.0,3251.0,3531.0,7.7404761904761905,1,-1
170,w0,delay_lu.B.1,2274.0,1,420,1,COMPLETED_SUCCESSFULLY,5362.0,280.0,5642.0,3088.0,3368.0,7.352380952380952,2,-1
175,w0,delay_ft.C.8,2341.0,8,141,1,COMPLETED_SUCCESSFULLY,5570.0,80.0,5650.0,3229.0,3309.0,22.900709219858157,4-9 12-13,-1
176,w0,delay_is.C.8,2358.0,8,70,1,COMPLETED_SUCCESSFULLY,5650.0,10.0,5660.0,3292.0,3302.0,47.02857142857143,1-2 4-9,-1
179,w0,delay_is.B.2,2382.0,2,67,1,COMPLETED_SUCCESSFULLY,5660.0,6.0,5666.0,3278.0,3284.0,48.92537313432836,8-9,-1
177,w0,delay_is.C.4,2363.0,4,77,1,COMPLETED_SUCCESSFULLY,5660.0,17.0,5677.0,3297.0,3314.0,42.81818181818182,1-2 4-5,-1
178,w0,delay_is.C.2,2366.0,2,87,1,COMPLETED_SUCCESSFULLY,5660.0,26.0,5686.0,3294.0,3320.0,37.86206896551724,6-7,-1
168,w0,delay_ft.C.1,2225.0,1,580,1,COMPLETED_SUCCESSFULLY,5355.0,387.0,5742.0,3130.0,3517.0,5.396551724137931,3,-1
169,w0,delay_ft.C.1,2248.0,1,580,1,COMPLETED_SUCCESSFULLY,5362.0,386.0,5748.0,3114.0,3500.0,5.36896551724138,0,-1
180,w0,delay_lu.B.4,2404.0,4,148,1,COMPLETED_SUCCESSFULLY,5666.0,88.0,5754.0,3262.0,3350.0,22.04054054054054,8-9 12-13,-1
181,w0,delay_lu.B.8,2438.0,8,109,1,COMPLETED_SUCCESSFULLY,5742.0,48.0,5790.0,3304.0,3352.0,30.31192660550459,1-7 15,-1
173,w0,delay_ft.C.1,2313.0,1,580,1,COMPLETED_SUCCESSFULLY,5434.0,386.0,5820.0,3121.0,3507.0,5.38103448275862,14,-1
182,w0,delay_lu.B.8,2453.0,8,109,1,COMPLETED_SUCCESSFULLY,5790.0,49.0,5839.0,3337.0,3386.0,30.61467889908257,0-7,-1
183,w0,delay_lu.B.2,2459.0,2,212,1,COMPLETED_SUCCESSFULLY,5790.0,141.0,5931.0,3331.0,3472.0,15.712264150943396,8-9,-1
164,w0,delay_lu.C.2,2174.0,2,891,1,COMPLETED_SUCCESSFULLY,5346.0,594.0,5940.0,3172.0,3766.0,3.5600448933782265,10-11,-1
184,w0,delay_lu.C.2,2472.0,2,891,1,COMPLETED_SUCCESSFULLY,5790.0,594.0,6384.0,3318.0,3912.0,3.723905723905724,12-13,-1
185,w0,delay_ft.B.16,2497.0,16,71,1,COMPLETED_SUCCESSFULLY,6384.0,10.0,6394.0,3887.0,3897.0,54.74647887323944,0-15,-1
186,w0,delay_is.B.2,2512.0,2,67,1,COMPLETED_SUCCESSFULLY,6394.0,7.0,6401.0,3882.0,3889.0,57.940298507462686,0-1,-1
189,w0,delay_is.B.1,2536.0,1,70,1,COMPLETED_SUCCESSFULLY,6394.0,10.0,6404.0,3858.0,3868.0,55.114285714285714,7,-1
190,w0,delay_is.B.1,2562.0,1,70,1,COMPLETED_SUCCESSFULLY,6394.0,10.0,6404.0,3832.0,3842.0,54.74285714285714,8,-1
191,w0,delay_is.C.4,2578.0,4,77,1,COMPLETED_SUCCESSFULLY,6394.0,17.0,6411.0,3816.0,3833.0,49.55844155844156,9-12,-1
195,w0,delay_is.B.2,2618.0,2,67,1,COMPLETED_SUCCESSFULLY,6411.0,7.0,6418.0,3793.0,3800.0,56.61194029850746,11-12,-1
187,w0,delay_ft.B.4,2524.0,4,96,1,COMPLETED_SUCCESSFULLY,6394.0,36.0,6430.0,3870.0,3906.0,40.3125,2-5,-1
193,w0,delay_ft.B.2,2604.0,2,123,1,COMPLETED_SUCCESSFULLY,6404.0,62.0,6466.0,3800.0,3862.0,30.89430894308943,7-8,-1
194,w0,delay_ft.B.2,2614.0,2,123,1,COMPLETED_SUCCESSFULLY,6411.0,62.0,6473.0,3797.0,3859.0,30.869918699186993,9-10,-1
196,w0,delay_lu.C.8,2623.0,8,269,1,COMPLETED_SUCCESSFULLY,6466.0,179.0,6645.0,3843.0,4022.0,14.28624535315985,2-5 7-8 11-12,-1
198,w0,delay_is.C.4,2650.0,4,77,1,COMPLETED_SUCCESSFULLY,6645.0,17.0,6662.0,3995.0,4012.0,51.883116883116884,2-5,-1
199,w0,delay_is.C.4,2655.0,4,77,1,COMPLETED_SUCCESSFULLY,6645.0,17.0,6662.0,3990.0,4007.0,51.81818181818182,7-8 11-12,-1
192,w0,delay_lu.C.4,2598.0,4,436,1,COMPLETED_SUCCESSFULLY,6401.0,291.0,6692.0,3803.0,4094.0,8.722477064220184,0-1 13-14,-1
202,w0,delay_ft.C.8,2689.0,8,141,1,COMPLETED_SUCCESSFULLY,6692.0,80.0,6772.0,4003.0,4083.0,28.390070921985817,0-1 7-8 11-14,-1
203,w0,delay_is.B.8,2714.0,8,63,1,COMPLETED_SUCCESSFULLY,6772.0,3.0,6775.0,4058.0,4061.0,64.41269841269842,0-1 7-8 11-14,-1
188,w0,delay_ft.C.1,2526.0,1,580,1,COMPLETED_SUCCESSFULLY,6394.0,387.0,6781.0,3868.0,4255.0,6.6689655172413795,6,-1
205,w0,delay_is.B.2,2739.0,2,67,1,COMPLETED_SUCCESSFULLY,6775.0,6.0,6781.0,4036.0,4042.0,60.23880597014925,7-8,-1
207,w0,delay_is.B.2,2763.0,2,67,1,COMPLETED_SUCCESSFULLY,6775.0,6.0,6781.0,4012.0,4018.0,59.88059701492537,13-14,-1
208,w0,delay_is.B.2,2777.0,2,67,1,COMPLETED_SUCCESSFULLY,6781.0,7.0,6788.0,4004.0,4011.0,59.76119402985075,6 15,-1
211,w0,delay_is.B.1,2818.0,1,70,1,COMPLETED_SUCCESSFULLY,6781.0,9.0,6790.0,3963.0,3972.0,56.614285714285714,13,-1
204,w0,delay_is.C.2,2722.0,2,87,1,COMPLETED_SUCCESSFULLY,6775.0,26.0,6801.0,4053.0,4079.0,46.58620689655172,0-1,-1
201,w0,delay_lu.B.2,2671.0,2,212,1,COMPLETED_SUCCESSFULLY,6662.0,140.0,6802.0,3991.0,4131.0,18.82547169811321,4-5,-1
216,w0,delay_is.B.2,2892.0,2,67,1,COMPLETED_SUCCESSFULLY,6802.0,7.0,6809.0,3910.0,3917.0,58.35820895522388,4-5,-1
214,w0,delay_ft.B.1,2857.0,1,149,1,COMPLETED_SUCCESSFULLY,6790.0,89.0,6879.0,3933.0,4022.0,26.395973154362416,13,-1
206,w0,delay_lu.B.2,2754.0,2,212,1,COMPLETED_SUCCESSFULLY,6775.0,141.0,6916.0,4021.0,4162.0,18.96698113207547,11-12,-1
215,w0,delay_lu.B.2,2872.0,2,212,1,COMPLETED_SUCCESSFULLY,6801.0,141.0,6942.0,3929.0,4070.0,18.53301886792453,0-1,-1
219,w0,delay_is.B.1,2923.0,1,70,1,COMPLETED_SUCCESSFULLY,6942.0,9.0,6951.0,4019.0,4028.0,57.41428571428571,0,-1
221,w0,delay_ft.B.1,2944.0,1,149,1,COMPLETED_SUCCESSFULLY,6951.0,89.0,7040.0,4007.0,4096.0,26.892617449664428,0,-1
213,w0,delay_ft.C.2,2843.0,2,399,1,COMPLETED_SUCCESSFULLY,6788.0,265.0,7053.0,3945.0,4210.0,9.887218045112782,6 15,-1
210,w0,delay_lu.B.1,2805.0,1,420,1,COMPLETED_SUCCESSFULLY,6781.0,280.0,7061.0,3976.0,4256.0,9.466666666666667,8,-1
197,w0,delay_lu.C.2,2644.0,2,891,1,COMPLETED_SUCCESSFULLY,6473.0,594.0,7067.0,3829.0,4423.0,4.297418630751964,9-10,-1
209,w0,delay_ft.C.1,2791.0,1,580,1,COMPLETED_SUCCESSFULLY,6781.0,387.0,7168.0,3990.0,4377.0,6.879310344827586,7,-1
212,w0,delay_ft.C.1,2827.0,1,580,1,COMPLETED_SUCCESSFULLY,6781.0,387.0,7168.0,3954.0,4341.0,6.817241379310345,14,-1
222,w0,delay_lu.B.2,2947.0,2,212,1,COMPLETED_SUCCESSFULLY,7053.0,141.0,7194.0,4106.0,4247.0,19.367924528301888,0 6,-1
217,w0,delay_ft.C.1,2901.0,1,580,1,COMPLETED_SUCCESSFULLY,6809.0,387.0,7196.0,3908.0,4295.0,6.7379310344827585,4,-1
224,w0,delay_ft.B.4,2988.0,4,96,1,COMPLETED_SUCCESSFULLY,7168.0,36.0,7204.0,4180.0,4216.0,43.541666666666664,7-10,-1
218,w0,delay_lu.C.4,2914.0,4,436,1,COMPLETED_SUCCESSFULLY,6916.0,290.0,7206.0,4002.0,4292.0,9.178899082568808,5 11-13,-1
226,w0,delay_lu.B.8,3022.0,8,109,1,COMPLETED_SUCCESSFULLY,7206.0,49.0,7255.0,4184.0,4233.0,38.38532110091743,4-5 7-12,-1
200,w0,delay_lu.C.2,2662.0,2,891,1,COMPLETED_SUCCESSFULLY,6662.0,593.0,7255.0,4000.0,4593.0,4.489337822671156,2-3,-1
225,w0,delay_ft.B.2,2998.0,2,123,1,COMPLETED_SUCCESSFULLY,7194.0,62.0,7256.0,4196.0,4258.0,34.113821138211385,0 6,-1
230,w0,delay_is.B.4,3070.0,4,64,1,COMPLETED_SUCCESSFULLY,7255.0,4.0,7259.0,4185.0,4189.0,65.390625,9-12,-1
233,w0,delay_is.B.1,3127.0,1,70,1,COMPLETED_SUCCESSFULLY,7259.0,9.0,7268.0,4132.0,4141.0,59.02857142857143,11,-1
220,w0,delay_ft.C.1,2939.0,1,580,1,COMPLETED_SUCCESSFULLY,6942.0,387.0,7329.0,4003.0,4390.0,6.901724137931034,1,-1
232,w0,delay_lu.B.4,3115.0,4,148,1,COMPLETED_SUCCESSFULLY,7259.0,88.0,7347.0,4144.0,4232.0,28.0,0 6 9-10,-1
234,w0,delay_ft.B.1,3150.0,1,149,1,COMPLETED_SUCCESSFULLY,7259.0,88.0,7347.0,4109.0,4197.0,27.57718120805369,12,-1
236,w0,delay_is.B.4,3168.0,4,64,1,COMPLETED_SUCCESSFULLY,7347.0,4.0,7351.0,4179.0,4183.0,65.296875,0-1 6 9,-1
238,w0,delay_is.B.1,3213.0,1,70,1,COMPLETED_SUCCESSFULLY,7351.0,9.0,7360.0,4138.0,4147.0,59.114285714285714,0,-1
237,w0,delay_ft.B.2,3198.0,2,123,1,COMPLETED_SUCCESSFULLY,7347.0,62.0,7409.0,4149.0,4211.0,33.73170731707317,10 12,-1
239,w0,delay_ft.B.2,3237.0,2,123,1,COMPLETED_SUCCESSFULLY,7351.0,62.0,7413.0,4114.0,4176.0,33.447154471544714,1 6,-1
241,w0,delay_is.B.2,3260.0,2,67,1,COMPLETED_SUCCESSFULLY,7409.0,7.0,7416.0,4149.0,4156.0,61.92537313432836,10 12,-1
240,w0,delay_ft.B.2,3249.0,2,123,1,COMPLETED_SUCCESSFULLY,7360.0,62.0,7422.0,4111.0,4173.0,33.422764227642276,0 9,-1
243,w0,delay_is.B.4,3288.0,4,64,1,COMPLETED_SUCCESSFULLY,7422.0,4.0,7426.0,4134.0,4138.0,64.59375,0 9-10 12,-1
245,w0,delay_is.B.2,3318.0,2,67,1,COMPLETED_SUCCESSFULLY,7426.0,7.0,7433.0,4108.0,4115.0,61.3134328358209,10 12,-1
223,w0,delay_ft.C.1,2972.0,1,580,1,COMPLETED_SUCCESSFULLY,7053.0,387.0,7440.0,4081.0,4468.0,7.036206896551724,15,-1
242,w0,delay_ft.B.2,3275.0,2,123,1,COMPLETED_SUCCESSFULLY,7413.0,62.0,7475.0,4138.0,4200.0,33.642276422764226,1 6,-1
228,w0,delay_ft.C.2,3050.0,2,399,1,COMPLETED_SUCCESSFULLY,7255.0,266.0,7521.0,4205.0,4471.0,10.538847117794486,4-5,-1
229,w0,delay_ft.C.2,3058.0,2,399,1,COMPLETED_SUCCESSFULLY,7255.0,266.0,7521.0,4197.0,4463.0,10.518796992481203,7-8,-1
246,w0,delay_ft.B.1,3342.0,1,149,1,COMPLETED_SUCCESSFULLY,7433.0,88.0,7521.0,4091.0,4179.0,27.456375838926174,10,-1
235,w0,delay_ft.C.1,3162.0,1,580,1,COMPLETED_SUCCESSFULLY,7268.0,387.0,7655.0,4106.0,4493.0,7.0793103448275865,11,-1
247,w0,delay_lu.C.4,3356.0,4,436,1,COMPLETED_SUCCESSFULLY,7475.0,290.0,7765.0,4119.0,4409.0,9.447247706422019,1 6 12 15,-1
248,w0,delay_is.C.8,3367.0,8,70,1,COMPLETED_SUCCESSFULLY,7765.0,10.0,7775.0,4398.0,4408.0,62.82857142857143,1 4-8 10-11,-1
227,w0,delay_lu.C.2,3035.0,2,891,1,COMPLETED_SUCCESSFULLY,7206.0,594.0,7800.0,4171.0,4765.0,4.681257014590348,13-14,-1
252,w0,delay_is.C.2,3442.0,2,87,1,COMPLETED_SUCCESSFULLY,7775.0,26.0,7801.0,4333.0,4359.0,49.804597701149426,11-12,-1
254,w0,delay_is.B.1,3465.0,1,70,1,COMPLETED_SUCCESSFULLY,7801.0,10.0,7811.0,4336.0,4346.0,61.94285714285714,15,-1
250,w0,delay_ft.B.2,3397.0,2,123,1,COMPLETED_SUCCESSFULLY,7775.0,62.0,7837.0,4378.0,4440.0,35.59349593495935,7-8,-1
231,w0,delay_lu.C.2,3099.0,2,891,1,COMPLETED_SUCCESSFULLY,7255.0,594.0,7849.0,4156.0,4750.0,4.664421997755331,2-3,-1
255,w0,delay_is.C.2,3481.0,2,87,1,COMPLETED_SUCCESSFULLY,7837.0,26.0,7863.0,4356.0,4382.0,50.06896551724138,7-8,-1
256,w0,delay_is.C.4,3494.0,4,77,1,COMPLETED_SUCCESSFULLY,7863.0,17.0,7880.0,4369.0,4386.0,56.74025974025974,2-3 7-8,-1
257,w0,delay_ft.B.2,3513.0,2,123,1,COMPLETED_SUCCESSFULLY,7880.0,62.0,7942.0,4367.0,4429.0,35.50406504065041,2-3,-1
244,w0,delay_lu.C.2,3296.0,2,891,1,COMPLETED_SUCCESSFULLY,7426.0,594.0,8020.0,4130.0,4724.0,4.635241301907969,0 9,-1
251,w0,delay_lu.B.1,3419.0,1,420,1,COMPLETED_SUCCESSFULLY,7775.0,280.0,8055.0,4356.0,4636.0,10.371428571428572,10,-1
258,w0,delay_is.C.8,3529.0,8,70,1,COMPLETED_SUCCESSFULLY,8055.0,9.0,8064.0,4526.0,4535.0,64.65714285714286,0 2-3 7-10 15,-1
249,w0,delay_lu.C.4,3375.0,4,436,1,COMPLETED_SUCCESSFULLY,7775.0,290.0,8065.0,4400.0,4690.0,10.091743119266056,1 4-6,-1
253,w0,delay_lu.C.4,3450.0,4,436,1,COMPLETED_SUCCESSFULLY,7801.0,291.0,8092.0,4351.0,4642.0,9.979357798165138,11-14,-1
261,w0,delay_ft.B.2,3578.0,2,123,1,COMPLETED_SUCCESSFULLY,8064.0,62.0,8126.0,4486.0,4548.0,36.47154471544715,8-9,-1
265,w0,delay_ft.B.1,3658.0,1,149,1,COMPLETED_SUCCESSFULLY,8065.0,89.0,8154.0,4407.0,4496.0,29.57718120805369,15,-1
259,w0,delay_lu.B.2,3548.0,2,212,1,COMPLETED_SUCCESSFULLY,8064.0,141.0,8205.0,4516.0,4657.0,21.30188679245283,0 2,-1
263,w0,delay_lu.B.2,3626.0,2,212,1,COMPLETED_SUCCESSFULLY,8065.0,141.0,8206.0,4439.0,4580.0,20.93867924528302,1 4,-1
264,w0,delay_lu.B.2,3634.0,2,212,1,COMPLETED_SUCCESSFULLY,8065.0,141.0,8206.0,4431.0,4572.0,20.900943396226417,5-6,-1
268,w0,delay_ft.B.1,3725.0,1,149,1,COMPLETED_SUCCESSFULLY,8126.0,89.0,8215.0,4401.0,4490.0,29.536912751677853,9,-1
270,w0,delay_is.B.1,3745.0,1,70,1,COMPLETED_SUCCESSFULLY,8206.0,10.0,8216.0,4461.0,4471.0,63.72857142857143,5,-1
269,w0,delay_lu.B.4,3733.0,4,148,1,COMPLETED_SUCCESSFULLY,8206.0,88.0,8294.0,4473.0,4561.0,30.222972972972972,0-2 4,-1
262,w0,delay_lu.B.1,3601.0,1,420,1,COMPLETED_SUCCESSFULLY,8064.0,280.0,8344.0,4463.0,4743.0,10.626190476190477,10,-1
271,w0,delay_lu.B.2,3762.0,2,212,1,COMPLETED_SUCCESSFULLY,8206.0,141.0,8347.0,4444.0,4585.0,20.962264150943398,6 15,-1
272,w0,delay_lu.B.2,3781.0,2,212,1,COMPLETED_SUCCESSFULLY,8216.0,141.0,8357.0,4435.0,4576.0,20.919811320754718,5 9,-1
274,w0,delay_is.B.4,3814.0,4,64,1,COMPLETED_SUCCESSFULLY,8357.0,4.0,8361.0,4543.0,4547.0,70.984375,5-6 9-10,-1
275,w0,delay_is.B.4,3838.0,4,64,1,COMPLETED_SUCCESSFULLY,8361.0,4.0,8365.0,4523.0,4527.0,70.671875,5-6 9-10,-1
266,w0,delay_lu.C.4,3696.0,4,436,1,COMPLETED_SUCCESSFULLY,8092.0,290.0,8382.0,4396.0,4686.0,10.082568807339449,11-14,-1
267,w0,delay_lu.B.1,3715.0,1,420,1,COMPLETED_SUCCESSFULLY,8126.0,280.0,8406.0,4411.0,4691.0,10.502380952380953,8,-1
273,w0,delay_ft.C.4,3793.0,4,228,1,COMPLETED_SUCCESSFULLY,8294.0,152.0,8446.0,4501.0,4653.0,19.74122807017544,0-2 4,-1
278,w0,delay_ft.B.1,3896.0,1,149,1,COMPLETED_SUCCESSFULLY,8365.0,88.0,8453.0,4469.0,4557.0,29.993288590604028,10,-1
281,w0,delay_ft.B.1,3937.0,1,149,1,COMPLETED_SUCCESSFULLY,8382.0,89.0,8471.0,4445.0,4534.0,29.83221476510067,15,-1
283,w0,delay_is.C.2,3948.0,2,87,1,COMPLETED_SUCCESSFULLY,8446.0,26.0,8472.0,4498.0,4524.0,51.701149425287355,2 4,-1
285,w0,delay_is.B.2,3971.0,2,67,1,COMPLETED_SUCCESSFULLY,8471.0,7.0,8478.0,4500.0,4507.0,67.16417910447761,10 15,-1
276,w0,delay_lu.B.2,3850.0,2,212,1,COMPLETED_SUCCESSFULLY,8365.0,140.0,8505.0,4515.0,4655.0,21.297169811320753,5-6,-1
282,w0,delay_lu.B.2,3943.0,2,212,1,COMPLETED_SUCCESSFULLY,8446.0,141.0,8587.0,4503.0,4644.0,21.24056603773585,0-1,-1
287,w0,delay_lu.B.4,3993.0,4,148,1,COMPLETED_SUCCESSFULLY,8505.0,88.0,8593.0,4512.0,4600.0,30.486486486486488,5-6 10 15,-1
288,w0,delay_is.B.2,3999.0,2,67,1,COMPLETED_SUCCESSFULLY,8587.0,7.0,8594.0,4588.0,4595.0,68.4776119402985,0-1,-1
279,w0,delay_ft.C.2,3910.0,2,399,1,COMPLETED_SUCCESSFULLY,8382.0,266.0,8648.0,4472.0,4738.0,11.208020050125313,11-12,-1
260,w0,delay_lu.C.2,3565.0,2,891,1,COMPLETED_SUCCESSFULLY,8064.0,594.0,8658.0,4499.0,5093.0,5.049382716049383,3 7,-1
290,w0,delay_lu.B.4,4017.0,4,148,1,COMPLETED_SUCCESSFULLY,8594.0,87.0,8681.0,4577.0,4664.0,30.925675675675677,0-1 6 10,-1
289,w0,delay_ft.B.1,4004.0,1,149,1,COMPLETED_SUCCESSFULLY,8593.0,89.0,8682.0,4589.0,4678.0,30.798657718120804,5,-1
292,w0,delay_ft.B.4,4053.0,4,96,1,COMPLETED_SUCCESSFULLY,8658.0,36.0,8694.0,4605.0,4641.0,47.96875,3 7 11-12,-1
294,w0,delay_is.B.2,4080.0,2,67,1,COMPLETED_SUCCESSFULLY,8694.0,7.0,8701.0,4614.0,4621.0,68.86567164179104,3 5,-1
284,w0,delay_lu.B.1,3958.0,1,420,1,COMPLETED_SUCCESSFULLY,8446.0,280.0,8726.0,4488.0,4768.0,10.685714285714285,8,-1
277,w0,delay_ft.C.1,3877.0,1,580,1,COMPLETED_SUCCESSFULLY,8365.0,386.0,8751.0,4488.0,4874.0,7.7379310344827585,9,-1
296,w0,delay_ft.B.1,4099.0,1,149,1,COMPLETED_SUCCESSFULLY,8694.0,88.0,8782.0,4595.0,4683.0,30.838926174496645,12,-1
293,w0,delay_ft.C.4,4062.0,4,228,1,COMPLETED_SUCCESSFULLY,8681.0,152.0,8833.0,4619.0,4771.0,20.25877192982456,0-1 6 10,-1
295,w0,delay_ft.C.2,4087.0,2,399,1,COMPLETED_SUCCESSFULLY,8694.0,266.0,8960.0,4607.0,4873.0,11.546365914786968,7 11,-1
280,w0,delay_lu.C.2,3934.0,2,891,1,COMPLETED_SUCCESSFULLY,8382.0,594.0,8976.0,4448.0,5042.0,4.992143658810326,13-14,-1
291,w0,delay_ft.C.1,4036.0,1,580,1,COMPLETED_SUCCESSFULLY,8594.0,386.0,8980.0,4558.0,4944.0,7.858620689655172,15,-1
286,w0,delay_lu.C.2,3983.0,2,891,1,COMPLETED_SUCCESSFULLY,8472.0,594.0,9066.0,4489.0,5083.0,5.038159371492704,2 4,-1
297,w0,delay_is.B.16,4122.0,16,62,1,COMPLETED_SUCCESSFULLY,9066.0,2.0,9068.0,4944.0,4946.0,79.74193548387096,0-15,-1
304,w0,delay_is.B.4,4250.0,4,64,1,COMPLETED_SUCCESSFULLY,9068.0,4.0,9072.0,4818.0,4822.0,75.28125,10-13,-1
300,w0,delay_is.B.2,4165.0,2,67,1,COMPLETED_SUCCESSFULLY,9068.0,6.0,9074.0,4903.0,4909.0,73.17910447761194,3-4,-1
305,w0,delay_is.C.4,4252.0,4,77,1,COMPLETED_SUCCESSFULLY,9072.0,16.0,9088.0,4820.0,4836.0,62.5974025974026,10-13,-1
301,w0,delay_ft.B.2,4185.0,2,123,1,COMPLETED_SUCCESSFULLY,9068.0,62.0,9130.0,4883.0,4945.0,39.699186991869915,5-6,-1
303,w0,delay_ft.B.2,4238.0,2,123,1,COMPLETED_SUCCESSFULLY,9068.0,62.0,9130.0,4830.0,4892.0,39.26829268292683,8-9,-1
298,w0,delay_ft.B.1,4143.0,1,149,1,COMPLETED_SUCCESSFULLY,9068.0,88.0,9156.0,4925.0,5013.0,33.053691275167786,0,-1
299,w0,delay_lu.B.2,4150.0,2,212,1,COMPLETED_SUCCESSFULLY,9068.0,141.0,9209.0,4918.0,5059.0,23.19811320754717,1-2,-1
302,w0,delay_ft.C.1,4206.0,1,580,1,COMPLETED_SUCCESSFULLY,9068.0,386.0,9454.0,4862.0,5248.0,8.382758620689655,7,-1
306,w0,delay_lu.B.16,4266.0,16,86,1,COMPLETED_SUCCESSFULLY,9454.0,26.0,9480.0,5188.0,5214.0,60.325581395348834,0-15,-1
307,w0,delay_is.C.16,4277.0,16,66,1,COMPLETED_SUCCESSFULLY,9480.0,6.0,9486.0,5203.0,5209.0,78.83333333333333,0-15,-1
314,w0,delay_is.B.2,4397.0,2,67,1,COMPLETED_SUCCESSFULLY,9486.0,6.0,9492.0,5089.0,5095.0,75.95522388059702,10-11,-1
313,w0,delay_is.B.1,4382.0,1,70,1,COMPLETED_SUCCESSFULLY,9486.0,9.0,9495.0,5104.0,5113.0,72.91428571428571,9,-1
316,w0,delay_is.B.1,4432.0,1,70,1,COMPLETED_SUCCESSFULLY,9486.0,9.0,9495.0,5054.0,5063.0,72.2,13,-1
318,w0,delay_is.B.1,4448.0,1,70,1,COMPLETED_SUCCESSFULLY,9492.0,9.0,9501.0,5044.0,5053.0,72.05714285714286,10,-1
319,w0,delay_is.B.1,4455.0,1,70,1,COMPLETED_SUCCESSFULLY,9492.0,9.0,9501.0,5037.0,5046.0,71.95714285714286,11,-1
308,w0,delay_ft.B.2,4300.0,2,123,1,COMPLETED_SUCCESSFULLY,9486.0,62.0,9548.0,5186.0,5248.0,42.16260162601626,0-1,-1
311,w0,delay_ft.B.2,4355.0,2,123,1,COMPLETED_SUCCESSFULLY,9486.0,62.0,9548.0,5131.0,5193.0,41.71544715447155,5-6,-1
317,w0,delay_ft.B.2,4437.0,2,123,1,COMPLETED_SUCCESSFULLY,9486.0,62.0,9548.0,5049.0,5111.0,41.048780487804876,14-15,-1
322,w0,delay_is.C.4,4487.0,4,77,1,COMPLETED_SUCCESSFULLY,9548.0,16.0,9564.0,5061.0,5077.0,65.72727272727273,0-1 5-6,-1
310,w0,delay_ft.B.1,4331.0,1,149,1,COMPLETED_SUCCESSFULLY,9486.0,88.0,9574.0,5155.0,5243.0,34.59731543624161,4,-1
315,w0,delay_ft.B.1,4415.0,1,149,1,COMPLETED_SUCCESSFULLY,9486.0,88.0,9574.0,5071.0,5159.0,34.033557046979865,12,-1
312,w0,delay_lu.B.2,4361.0,2,212,1,COMPLETED_SUCCESSFULLY,9486.0,141.0,9627.0,5125.0,5266.0,24.17452830188679,7-8,-1
321,w0,delay_lu.B.2,4468.0,2,212,1,COMPLETED_SUCCESSFULLY,9501.0,141.0,9642.0,5033.0,5174.0,23.74056603773585,10-11,-1
323,w0,delay_lu.B.2,4490.0,2,212,1,COMPLETED_SUCCESSFULLY,9548.0,141.0,9689.0,5058.0,5199.0,23.858490566037737,13-14,-1
320,w0,delay_lu.B.1,4459.0,1,420,1,COMPLETED_SUCCESSFULLY,9495.0,280.0,9775.0,5036.0,5316.0,11.99047619047619,9,-1
309,w0,delay_lu.C.2,4310.0,2,891,1,COMPLETED_SUCCESSFULLY,9486.0,593.0,10079.0,5176.0,5769.0,5.809203142536476,2-3,-1
324,w0,delay_is.C.16,4497.0,16,66,1,COMPLETED_SUCCESSFULLY,10079.0,6.0,10085.0,5582.0,5588.0,84.57575757575758,0-15,-1
326,w0,delay_is.B.2,4537.0,2,67,1,COMPLETED_SUCCESSFULLY,10085.0,6.0,10091.0,5548.0,5554.0,82.80597014925372,2-3,-1
330,w0,delay_is.C.2,4586.0,2,87,1,COMPLETED_SUCCESSFULLY,10085.0,26.0,10111.0,5499.0,5525.0,63.206896551724135,8-9,-1
332,w0,delay_lu.B.8,4604.0,8,109,1,COMPLETED_SUCCESSFULLY,10111.0,49.0,10160.0,5507.0,5556.0,50.522935779816514,2-3 8-9 11-14,-1
328,w0,delay_ft.B.1,4553.0,1,149,1,COMPLETED_SUCCESSFULLY,10085.0,88.0,10173.0,5532.0,5620.0,37.12751677852349,6,-1
334,w0,delay_is.C.4,4649.0,4,77,1,COMPLETED_SUCCESSFULLY,10160.0,17.0,10177.0,5511.0,5528.0,71.57142857142857,2-3 8-9,-1
333,w0,delay_ft.B.1,4629.0,1,149,1,COMPLETED_SUCCESSFULLY,10111.0,89.0,10200.0,5482.0,5571.0,36.79194630872483,15,-1
325,w0,delay_lu.B.2,4510.0,2,212,1,COMPLETED_SUCCESSFULLY,10085.0,141.0,10226.0,5575.0,5716.0,26.297169811320753,0-1,-1
327,w0,delay_lu.B.2,4540.0,2,212,1,COMPLETED_SUCCESSFULLY,10085.0,141.0,10226.0,5545.0,5686.0,26.15566037735849,4-5,-1
338,w0,delay_is.C.2,4721.0,2,87,1,COMPLETED_SUCCESSFULLY,10200.0,26.0,10226.0,5479.0,5505.0,62.97701149425287,9 15,-1
339,w0,delay_ft.B.2,4739.0,2,123,1,COMPLETED_SUCCESSFULLY,10226.0,62.0,10288.0,5487.0,5549.0,44.609756097560975,0-1,-1
336,w0,delay_lu.B.2,4686.0,2,212,1,COMPLETED_SUCCESSFULLY,10160.0,141.0,10301.0,5474.0,5615.0,25.82075471698113,13-14,-1
341,w0,delay_is.C.4,4777.0,4,77,1,COMPLETED_SUCCESSFULLY,10288.0,16.0,10304.0,5511.0,5527.0,71.57142857142857,0-1 9 15,-1
337,w0,delay_ft.C.4,4706.0,4,228,1,COMPLETED_SUCCESSFULLY,10177.0,152.0,10329.0,5471.0,5623.0,23.99561403508772,2-3 6 8,-1
345,w0,delay_is.B.2,4808.0,2,67,1,COMPLETED_SUCCESSFULLY,10329.0,6.0,10335.0,5521.0,5527.0,82.40298507462687,6 8,-1
343,w0,delay_ft.B.4,4796.0,4,96,1,COMPLETED_SUCCESSFULLY,10304.0,36.0,10340.0,5508.0,5544.0,57.375,0-1 9 14,-1
342,w0,delay_ft.B.1,4787.0,1,149,1,COMPLETED_SUCCESSFULLY,10301.0,89.0,10390.0,5514.0,5603.0,37.006711409395976,13,-1
335,w0,delay_ft.C.2,4665.0,2,399,1,COMPLETED_SUCCESSFULLY,10160.0,266.0,10426.0,5495.0,5761.0,13.771929824561404,11-12,-1
346,w0,delay_lu.B.4,4825.0,4,148,1,COMPLETED_SUCCESSFULLY,10340.0,88.0,10428.0,5515.0,5603.0,37.263513513513516,0-1 6 8,-1
350,w0,delay_is.B.2,4884.0,2,67,1,COMPLETED_SUCCESSFULLY,10428.0,7.0,10435.0,5544.0,5551.0,82.74626865671642,0-1,-1
348,w0,delay_ft.B.2,4869.0,2,123,1,COMPLETED_SUCCESSFULLY,10390.0,62.0,10452.0,5521.0,5583.0,44.886178861788615,13 15,-1
329,w0,delay_ft.C.1,4560.0,1,580,1,COMPLETED_SUCCESSFULLY,10085.0,386.0,10471.0,5525.0,5911.0,9.525862068965518,7,-1
331,w0,delay_ft.C.1,4592.0,1,580,1,COMPLETED_SUCCESSFULLY,10085.0,386.0,10471.0,5493.0,5879.0,9.470689655172414,10,-1
347,w0,delay_lu.B.2,4854.0,2,212,1,COMPLETED_SUCCESSFULLY,10340.0,141.0,10481.0,5486.0,5627.0,25.87735849056604,9 14,-1
340,w0,delay_ft.C.2,4756.0,2,399,1,COMPLETED_SUCCESSFULLY,10226.0,266.0,10492.0,5470.0,5736.0,13.709273182957393,4-5,-1
356,w0,delay_is.B.2,4967.0,2,67,1,COMPLETED_SUCCESSFULLY,10492.0,6.0,10498.0,5525.0,5531.0,82.46268656716418,4-5,-1
352,w0,delay_lu.B.2,4902.0,2,212,1,COMPLETED_SUCCESSFULLY,10435.0,141.0,10576.0,5533.0,5674.0,26.099056603773583,0-1,-1
353,w0,delay_lu.B.2,4918.0,2,212,1,COMPLETED_SUCCESSFULLY,10452.0,141.0,10593.0,5534.0,5675.0,26.10377358490566,13 15,-1
359,w0,delay_is.C.2,4993.0,2,87,1,COMPLETED_SUCCESSFULLY,10593.0,26.0,10619.0,5600.0,5626.0,64.36781609195403,13 15,-1
358,w0,delay_ft.B.2,4988.0,2,123,1,COMPLETED_SUCCESSFULLY,10576.0,62.0,10638.0,5588.0,5650.0,45.43089430894309,0-1,-1
357,w0,delay_lu.B.2,4980.0,2,212,1,COMPLETED_SUCCESSFULLY,10498.0,141.0,10639.0,5518.0,5659.0,26.028301886792452,4-5,-1
349,w0,delay_ft.C.2,4883.0,2,399,1,COMPLETED_SUCCESSFULLY,10426.0,266.0,10692.0,5543.0,5809.0,13.892230576441102,11-12,-1
363,w0,delay_is.B.1,5037.0,1,70,1,COMPLETED_SUCCESSFULLY,10692.0,9.0,10701.0,5655.0,5664.0,80.78571428571429,12,-1
362,w0,delay_is.C.4,5010.0,4,77,1,COMPLETED_SUCCESSFULLY,10692.0,16.0,10708.0,5682.0,5698.0,73.79220779220779,1 4-5 11,-1
361,w0,delay_ft.B.1,5004.0,1,149,1,COMPLETED_SUCCESSFULLY,10638.0,88.0,10726.0,5634.0,5722.0,37.81208053691275,0,-1
354,w0,delay_ft.C.2,4939.0,2,399,1,COMPLETED_SUCCESSFULLY,10471.0,266.0,10737.0,5532.0,5798.0,13.864661654135338,7 10,-1
355,w0,delay_ft.C.2,4943.0,2,399,1,COMPLETED_SUCCESSFULLY,10481.0,266.0,10747.0,5538.0,5804.0,13.8796992481203,9 14,-1
364,w0,delay_ft.B.1,5049.0,1,149,1,COMPLETED_SUCCESSFULLY,10701.0,88.0,10789.0,5652.0,5740.0,37.93288590604027,12,-1
365,w0,delay_ft.C.4,5052.0,4,228,1,COMPLETED_SUCCESSFULLY,10708.0,152.0,10860.0,5656.0,5808.0,24.80701754385965,1 4-5 11,-1
367,w0,delay_is.B.4,5081.0,4,64,1,COMPLETED_SUCCESSFULLY,10860.0,4.0,10864.0,5779.0,5783.0,90.296875,1 4-5 11,-1
360,w0,delay_ft.C.2,5000.0,2,399,1,COMPLETED_SUCCESSFULLY,10619.0,266.0,10885.0,5619.0,5885.0,14.082706766917294,13 15,-1
370,w0,delay_is.B.2,5127.0,2,67,1,COMPLETED_SUCCESSFULLY,10885.0,6.0,10891.0,5758.0,5764.0,85.94029850746269,13 15,-1
366,w0,delay_ft.C.4,5069.0,4,228,1,COMPLETED_SUCCESSFULLY,10747.0,152.0,10899.0,5678.0,5830.0,24.903508771929825,0 7 9-10,-1
372,w0,delay_is.B.2,5168.0,2,67,1,COMPLETED_SUCCESSFULLY,10899.0,7.0,10906.0,5731.0,5738.0,85.53731343283582,0 7,-1
371,w0,delay_is.C.2,5154.0,2,87,1,COMPLETED_SUCCESSFULLY,10891.0,27.0,10918.0,5737.0,5764.0,65.94252873563218,13 15,-1
344,w0,delay_lu.C.2,4800.0,2,891,1,COMPLETED_SUCCESSFULLY,10329.0,593.0,10922.0,5529.0,6122.0,6.205387205387205,2-3,-1
373,w0,delay_is.C.4,5183.0,4,77,1,COMPLETED_SUCCESSFULLY,10906.0,16.0,10922.0,5723.0,5739.0,74.32467532467533,0 7 9-10,-1
369,w0,delay_ft.B.2,5110.0,2,123,1,COMPLETED_SUCCESSFULLY,10864.0,62.0,10926.0,5754.0,5816.0,46.78048780487805,12 14,-1
376,w0,delay_ft.B.2,5216.0,2,123,1,COMPLETED_SUCCESSFULLY,10922.0,62.0,10984.0,5706.0,5768.0,46.390243902439025,0 7,-1
380,w0,delay_is.C.2,5252.0,2,87,1,COMPLETED_SUCCESSFULLY,10984.0,27.0,11011.0,5732.0,5759.0,65.88505747126437,0 7,-1
381,w0,delay_is.B.2,5262.0,2,67,1,COMPLETED_SUCCESSFULLY,11011.0,7.0,11018.0,5749.0,5756.0,85.80597014925372,0 7,-1
351,w0,delay_lu.C.2,4890.0,2,891,1,COMPLETED_SUCCESSFULLY,10428.0,594.0,11022.0,5538.0,6132.0,6.215488215488215,6 8,-1
382,w0,delay_is.B.2,5278.0,2,67,1,COMPLETED_SUCCESSFULLY,11018.0,6.0,11024.0,5740.0,5746.0,85.67164179104478,0 7,-1
384,w0,delay_is.B.1,5313.0,1,70,1,COMPLETED_SUCCESSFULLY,11022.0,9.0,11031.0,5709.0,5718.0,81.55714285714286,8,-1
385,w0,delay_is.B.1,5327.0,1,70,1,COMPLETED_SUCCESSFULLY,11024.0,9.0,11033.0,5697.0,5706.0,81.38571428571429,0,-1
377,w0,delay_lu.B.2,5219.0,2,212,1,COMPLETED_SUCCESSFULLY,10922.0,141.0,11063.0,5703.0,5844.0,26.900943396226417,9-10,-1
379,w0,delay_lu.B.2,5250.0,2,212,1,COMPLETED_SUCCESSFULLY,10926.0,141.0,11067.0,5676.0,5817.0,26.77358490566038,12 14,-1
383,w0,delay_ft.B.1,5307.0,1,149,1,COMPLETED_SUCCESSFULLY,11022.0,88.0,11110.0,5715.0,5803.0,38.355704697986575,6,-1
368,w0,delay_lu.C.4,5091.0,4,436,1,COMPLETED_SUCCESSFULLY,10864.0,291.0,11155.0,5773.0,6064.0,13.240825688073395,1 4-5 11,-1
386,w0,delay_lu.B.8,5346.0,8,109,1,COMPLETED_SUCCESSFULLY,11110.0,49.0,11159.0,5764.0,5813.0,52.88073394495413,0 6-10 12 14,-1
375,w0,delay_ft.C.2,5196.0,2,399,1,COMPLETED_SUCCESSFULLY,10922.0,266.0,11188.0,5726.0,5992.0,14.350877192982455,2-3,-1
393,w0,delay_is.B.4,5424.0,4,64,1,COMPLETED_SUCCESSFULLY,11188.0,4.0,11192.0,5764.0,5768.0,90.0625,2-3 10 12,-1
392,w0,delay_ft.B.1,5411.0,1,149,1,COMPLETED_SUCCESSFULLY,11159.0,89.0,11248.0,5748.0,5837.0,38.577181208053695,9,-1
374,w0,delay_ft.C.1,5187.0,1,580,1,COMPLETED_SUCCESSFULLY,10918.0,386.0,11304.0,5731.0,6117.0,9.88103448275862,13,-1
378,w0,delay_ft.C.1,5235.0,1,580,1,COMPLETED_SUCCESSFULLY,10922.0,387.0,11309.0,5687.0,6074.0,9.805172413793104,15,-1
387,w0,delay_ft.C.2,5358.0,2,399,1,COMPLETED_SUCCESSFULLY,11155.0,266.0,11421.0,5797.0,6063.0,14.528822055137844,1 4,-1
388,w0,delay_ft.C.2,5366.0,2,399,1,COMPLETED_SUCCESSFULLY,11155.0,266.0,11421.0,5789.0,6055.0,14.508771929824562,5 11,-1
395,w0,delay_is.C.8,5451.0,8,70,1,COMPLETED_SUCCESSFULLY,11421.0,9.0,11430.0,5970.0,5979.0,85.28571428571429,1 4-5 9-13,-1
397,w0,delay_is.B.1,5494.0,1,70,1,COMPLETED_SUCCESSFULLY,11430.0,9.0,11439.0,5936.0,5945.0,84.8,10,-1
398,w0,delay_ft.B.2,5503.0,2,123,1,COMPLETED_SUCCESSFULLY,11430.0,62.0,11492.0,5927.0,5989.0,48.1869918699187,11-12,-1
389,w0,delay_ft.C.1,5368.0,1,580,1,COMPLETED_SUCCESSFULLY,11159.0,387.0,11546.0,5791.0,6178.0,9.98448275862069,0,-1
391,w0,delay_ft.C.1,5404.0,1,580,1,COMPLETED_SUCCESSFULLY,11159.0,387.0,11546.0,5755.0,6142.0,9.922413793103448,8,-1
399,w0,delay_lu.B.2,5510.0,2,212,1,COMPLETED_SUCCESSFULLY,11430.0,141.0,11571.0,5920.0,6061.0,27.92452830188679,13-14,-1
400,w0,delay_lu.B.4,5519.0,4,148,1,COMPLETED_SUCCESSFULLY,11492.0,88.0,11580.0,5973.0,6061.0,40.358108108108105,10-12 15,-1
396,w0,delay_ft.C.4,5474.0,4,228,1,COMPLETED_SUCCESSFULLY,11430.0,152.0,11582.0,5956.0,6108.0,26.12280701754386,1 4-5 9,-1
402,w0,delay_is.C.4,5560.0,4,77,1,COMPLETED_SUCCESSFULLY,11580.0,17.0,11597.0,6020.0,6037.0,78.18181818181819,10-13,-1
408,w0,delay_is.B.1,5650.0,1,70,1,COMPLETED_SUCCESSFULLY,11597.0,9.0,11606.0,5947.0,5956.0,84.95714285714286,13,-1
401,w0,delay_ft.B.2,5530.0,2,123,1,COMPLETED_SUCCESSFULLY,11546.0,62.0,11608.0,6016.0,6078.0,48.91056910569106,0 8,-1
406,w0,delay_ft.B.2,5617.0,2,123,1,COMPLETED_SUCCESSFULLY,11582.0,62.0,11644.0,5965.0,6027.0,48.49593495934959,4-5,-1
409,w0,delay_is.B.4,5671.0,4,64,1,COMPLETED_SUCCESSFULLY,11644.0,4.0,11648.0,5973.0,5977.0,93.328125,0 4-5 8,-1
407,w0,delay_lu.B.4,5631.0,4,148,1,COMPLETED_SUCCESSFULLY,11597.0,87.0,11684.0,5966.0,6053.0,40.310810810810814,9-12,-1
390,w0,delay_lu.C.2,5389.0,2,891,1,COMPLETED_SUCCESSFULLY,11159.0,594.0,11753.0,5770.0,6364.0,6.475869809203142,6-7,-1
394,w0,delay_lu.C.2,5441.0,2,891,1,COMPLETED_SUCCESSFULLY,11192.0,594.0,11786.0,5751.0,6345.0,6.454545454545454,2-3,-1
410,w0,delay_ft.C.4,5683.0,4,228,1,COMPLETED_SUCCESSFULLY,11648.0,152.0,11800.0,5965.0,6117.0,26.162280701754387,0 4-5 8,-1
403,w0,delay_lu.B.1,5588.0,1,420,1,COMPLETED_SUCCESSFULLY,11580.0,280.0,11860.0,5992.0,6272.0,14.266666666666667,14,-1
405,w0,delay_lu.B.1,5606.0,1,420,1,COMPLETED_SUCCESSFULLY,11582.0,280.0,11862.0,5976.0,6256.0,14.228571428571428,1,-1
411,w0,delay_ft.C.8,5696.0,8,141,1,COMPLETED_SUCCESSFULLY,11786.0,80.0,11866.0,6090.0,6170.0,43.191489361702125,2-3 6-7 9-12,-1
413,w0,delay_is.C.4,5705.0,4,77,1,COMPLETED_SUCCESSFULLY,11866.0,17.0,11883.0,6161.0,6178.0,80.01298701298701,1-3 6,-1
412,w0,delay_lu.B.4,5700.0,4,148,1,COMPLETED_SUCCESSFULLY,11800.0,88.0,11888.0,6100.0,6188.0,41.21621621621622,0 4-5 8,-1
418,w0,delay_is.B.1,5760.0,1,70,1,COMPLETED_SUCCESSFULLY,11888.0,9.0,11897.0,6128.0,6137.0,87.54285714285714,6,-1
404,w0,delay_ft.C.1,5592.0,1,580,1,COMPLETED_SUCCESSFULLY,11580.0,386.0,11966.0,5988.0,6374.0,10.324137931034484,15,-1
414,w0,delay_ft.C.4,5725.0,4,228,1,COMPLETED_SUCCESSFULLY,11866.0,152.0,12018.0,6141.0,6293.0,26.93421052631579,7 9-11,-1
416,w0,delay_lu.B.2,5748.0,2,212,1,COMPLETED_SUCCESSFULLY,11883.0,141.0,12024.0,6135.0,6276.0,28.93867924528302,1-2,-1
421,w0,delay_is.C.2,5796.0,2,87,1,COMPLETED_SUCCESSFULLY,12018.0,27.0,12045.0,6222.0,6249.0,71.51724137931035,10-11,-1
423,w0,delay_is.B.2,5822.0,2,67,1,COMPLETED_SUCCESSFULLY,12045.0,6.0,12051.0,6223.0,6229.0,92.88059701492537,10-11,-1
419,w0,delay_lu.B.4,5782.0,4,148,1,COMPLETED_SUCCESSFULLY,11966.0,88.0,12054.0,6184.0,6272.0,41.78378378378378,6 8 14-15,-1
424,w0,delay_is.B.1,5828.0,1,70,1,COMPLETED_SUCCESSFULLY,12051.0,10.0,12061.0,6223.0,6233.0,88.9,10,-1
426,w0,delay_is.B.2,5879.0,2,67,1,COMPLETED_SUCCESSFULLY,12061.0,6.0,12067.0,6182.0,6188.0,92.26865671641791,10 15,-1
425,w0,delay_ft.B.4,5857.0,4,96,1,COMPLETED_SUCCESSFULLY,12054.0,36.0,12090.0,6197.0,6233.0,64.55208333333333,6 8 11 14,-1
428,w0,delay_ft.B.2,5903.0,2,123,1,COMPLETED_SUCCESSFULLY,12090.0,62.0,12152.0,6187.0,6249.0,50.300813008130085,6 8,-1
427,w0,delay_ft.B.1,5897.0,1,149,1,COMPLETED_SUCCESSFULLY,12067.0,89.0,12156.0,6170.0,6259.0,41.40939597315436,10,-1
422,w0,delay_lu.B.2,5803.0,2,212,1,COMPLETED_SUCCESSFULLY,12024.0,141.0,12165.0,6221.0,6362.0,29.34433962264151,1-2,-1
432,w0,delay_is.B.2,5975.0,2,67,1,COMPLETED_SUCCESSFULLY,12165.0,7.0,12172.0,6190.0,6197.0,92.38805970149254,1-2,-1
417,w0,delay_lu.C.4,5755.0,4,436,1,COMPLETED_SUCCESSFULLY,11888.0,290.0,12178.0,6133.0,6423.0,14.06651376146789,0 3-5,-1
434,w0,delay_is.B.2,6007.0,2,67,1,COMPLETED_SUCCESSFULLY,12178.0,7.0,12185.0,6171.0,6178.0,92.1044776119403,0 3,-1
436,w0,delay_is.C.2,6045.0,2,87,1,COMPLETED_SUCCESSFULLY,12185.0,26.0,12211.0,6140.0,6166.0,70.57471264367815,0 3,-1
420,w0,delay_ft.C.2,5786.0,2,399,1,COMPLETED_SUCCESSFULLY,12018.0,266.0,12284.0,6232.0,6498.0,15.619047619047619,7 9,-1
437,w0,delay_is.B.4,6058.0,4,64,1,COMPLETED_SUCCESSFULLY,12284.0,4.0,12288.0,6226.0,6230.0,97.28125,0 3 7 9,-1
430,w0,delay_ft.C.2,5939.0,2,399,1,COMPLETED_SUCCESSFULLY,12152.0,266.0,12418.0,6213.0,6479.0,15.571428571428571,6 8,-1
438,w0,delay_lu.B.2,6081.0,2,212,1,COMPLETED_SUCCESSFULLY,12288.0,141.0,12429.0,6207.0,6348.0,29.278301886792452,0 3,-1
440,w0,delay_lu.B.2,6120.0,2,212,1,COMPLETED_SUCCESSFULLY,12288.0,141.0,12429.0,6168.0,6309.0,29.09433962264151,9-10,-1
441,w0,delay_is.B.4,6135.0,4,64,1,COMPLETED_SUCCESSFULLY,12429.0,4.0,12433.0,6294.0,6298.0,98.34375,0 3 6 8,-1
442,w0,delay_is.B.4,6158.0,4,64,1,COMPLETED_SUCCESSFULLY,12433.0,4.0,12437.0,6275.0,6279.0,98.046875,0 3 6 8,-1
435,w0,delay_ft.C.2,6019.0,2,399,1,COMPLETED_SUCCESSFULLY,12178.0,266.0,12444.0,6159.0,6425.0,15.436090225563909,4-5,-1
415,w0,delay_lu.C.2,5736.0,2,891,1,COMPLETED_SUCCESSFULLY,11866.0,594.0,12460.0,6130.0,6724.0,6.879910213243547,12-13,-1
443,w0,delay_ft.C.8,6159.0,8,141,1,COMPLETED_SUCCESSFULLY,12444.0,81.0,12525.0,6285.0,6366.0,44.57446808510638,0 3-6 8-10,-1
431,w0,delay_ft.C.1,5961.0,1,580,1,COMPLETED_SUCCESSFULLY,12152.0,387.0,12539.0,6191.0,6578.0,10.674137931034483,15,-1
447,w0,delay_is.B.4,6210.0,4,64,1,COMPLETED_SUCCESSFULLY,12539.0,4.0,12543.0,6329.0,6333.0,98.890625,10 12-13 15,-1
444,w0,delay_lu.B.4,6179.0,4,148,1,COMPLETED_SUCCESSFULLY,12525.0,88.0,12613.0,6346.0,6434.0,42.87837837837838,0 3-5,-1
445,w0,delay_ft.B.1,6199.0,1,149,1,COMPLETED_SUCCESSFULLY,12525.0,88.0,12613.0,6326.0,6414.0,42.45637583892618,6,-1
450,w0,delay_is.B.2,6243.0,2,67,1,COMPLETED_SUCCESSFULLY,12613.0,6.0,12619.0,6370.0,6376.0,95.07462686567165,0 3,-1
451,w0,delay_ft.B.4,6253.0,4,96,1,COMPLETED_SUCCESSFULLY,12619.0,36.0,12655.0,6366.0,6402.0,66.3125,0 3-5,-1
439,w0,delay_ft.C.1,6102.0,1,580,1,COMPLETED_SUCCESSFULLY,12288.0,387.0,12675.0,6186.0,6573.0,10.66551724137931,7,-1
429,w0,delay_lu.C.2,5924.0,2,891,1,COMPLETED_SUCCESSFULLY,12090.0,594.0,12684.0,6166.0,6760.0,6.920314253647587,11 14,-1
454,w0,delay_ft.B.2,6287.0,2,123,1,COMPLETED_SUCCESSFULLY,12655.0,62.0,12717.0,6368.0,6430.0,51.77235772357724,4-5,-1
433,w0,delay_lu.C.2,5986.0,2,891,1,COMPLETED_SUCCESSFULLY,12172.0,593.0,12765.0,6186.0,6779.0,6.942760942760943,1-2,-1
446,w0,delay_ft.C.2,6204.0,2,399,1,COMPLETED_SUCCESSFULLY,12525.0,266.0,12791.0,6321.0,6587.0,15.842105263157896,8-9,-1
449,w0,delay_ft.C.2,6229.0,2,399,1,COMPLETED_SUCCESSFULLY,12543.0,265.0,12808.0,6314.0,6579.0,15.824561403508772,13 15,-1
453,w0,delay_ft.C.2,6277.0,2,399,1,COMPLETED_SUCCESSFULLY,12655.0,266.0,12921.0,6378.0,6644.0,15.984962406015038,0 3,-1
455,w0,delay_lu.B.1,6309.0,1,420,1,COMPLETED_SUCCESSFULLY,12675.0,280.0,12955.0,6366.0,6646.0,15.157142857142857,7,-1
452,w0,delay_ft.C.1,6269.0,1,580,1,COMPLETED_SUCCESSFULLY,12619.0,387.0,13006.0,6350.0,6737.0,10.948275862068966,6,-1
448,w0,delay_lu.C.2,6223.0,2,891,1,COMPLETED_SUCCESSFULLY,12543.0,593.0,13136.0,6320.0,6913.0,7.093153759820426,10 12,-1
456,w0,delay_ft.B.16,6330.0,16,71,1,COMPLETED_SUCCESSFULLY,13136.0,11.0,13147.0,6806.0,6817.0,95.85915492957747,0-15,-1
458,w0,delay_is.B.4,6359.0,4,64,1,COMPLETED_SUCCESSFULLY,13147.0,4.0,13151.0,6788.0,6792.0,106.0625,2-5,-1
464,w0,delay_is.C.2,6425.0,2,87,1,COMPLETED_SUCCESSFULLY,13151.0,26.0,13177.0,6726.0,6752.0,77.3103448275862,2-3,-1
465,w0,delay_ft.B.2,6446.0,2,123,1,COMPLETED_SUCCESSFULLY,13151.0,62.0,13213.0,6705.0,6767.0,54.51219512195122,4-5,-1
466,w0,delay_ft.B.1,6457.0,1,149,1,COMPLETED_SUCCESSFULLY,13177.0,89.0,13266.0,6720.0,6809.0,45.100671140939596,2,-1
467,w0,delay_ft.B.1,6467.0,1,149,1,COMPLETED_SUCCESSFULLY,13177.0,89.0,13266.0,6710.0,6799.0,45.033557046979865,3,-1
457,w0,delay_lu.B.2,6343.0,2,212,1,COMPLETED_SUCCESSFULLY,13147.0,141.0,13288.0,6804.0,6945.0,32.094339622641506,0-1,-1
459,w0,delay_lu.B.2,6383.0,2,212,1,COMPLETED_SUCCESSFULLY,13147.0,141.0,13288.0,6764.0,6905.0,31.90566037735849,6-7,-1
462,w0,delay_lu.B.2,6404.0,2,212,1,COMPLETED_SUCCESSFULLY,13147.0,141.0,13288.0,6743.0,6884.0,31.806603773584907,10-11,-1
463,w0,delay_ft.C.4,6420.0,4,228,1,COMPLETED_SUCCESSFULLY,13147.0,152.0,13299.0,6727.0,6879.0,29.50438596491228,12-15,-1
468,w0,delay_ft.B.1,6479.0,1,149,1,COMPLETED_SUCCESSFULLY,13213.0,88.0,13301.0,6734.0,6822.0,45.19463087248322,4,-1
469,w0,delay_ft.B.1,6497.0,1,149,1,COMPLETED_SUCCESSFULLY,13213.0,88.0,13301.0,6716.0,6804.0,45.07382550335571,5,-1
476,w0,delay_is.C.2,6588.0,2,87,1,COMPLETED_SUCCESSFULLY,13299.0,26.0,13325.0,6711.0,6737.0,77.13793103448276,14-15,-1
477,w0,delay_is.C.2,6595.0,2,87,1,COMPLETED_SUCCESSFULLY,13301.0,27.0,13328.0,6706.0,6733.0,77.08045977011494,4-5,-1
474,w0,delay_ft.B.2,6573.0,2,123,1,COMPLETED_SUCCESSFULLY,13299.0,62.0,13361.0,6726.0,6788.0,54.68292682926829,11-12,-1
475,w0,delay_ft.B.1,6574.0,1,149,1,COMPLETED_SUCCESSFULLY,13299.0,88.0,13387.0,6725.0,6813.0,45.13422818791946,13,-1
470,w0,delay_lu.B.2,6511.0,2,212,1,COMPLETED_SUCCESSFULLY,13266.0,141.0,13407.0,6755.0,6896.0,31.86320754716981,2-3,-1
478,w0,delay_ft.B.8,6604.0,8,80,1,COMPLETED_SUCCESSFULLY,13407.0,19.0,13426.0,6803.0,6822.0,85.0375,2-5 11-14,-1
461,w0,delay_lu.B.1,6402.0,1,420,1,COMPLETED_SUCCESSFULLY,13147.0,280.0,13427.0,6745.0,7025.0,16.05952380952381,9,-1
472,w0,delay_lu.B.2,6537.0,2,212,1,COMPLETED_SUCCESSFULLY,13288.0,140.0,13428.0,6751.0,6891.0,31.84433962264151,1 6,-1
483,w0,delay_is.B.2,6664.0,2,67,1,COMPLETED_SUCCESSFULLY,13426.0,6.0,13432.0,6762.0,6768.0,100.92537313432835,12-13,-1
485,w0,delay_is.B.2,6717.0,2,67,1,COMPLETED_SUCCESSFULLY,13428.0,7.0,13435.0,6711.0,6718.0,100.16417910447761,1 6,-1
487,w0,delay_is.C.2,6738.0,2,87,1,COMPLETED_SUCCESSFULLY,13435.0,27.0,13462.0,6697.0,6724.0,76.97701149425288,1 6,-1
486,w0,delay_ft.B.1,6730.0,1,149,1,COMPLETED_SUCCESSFULLY,13432.0,89.0,13521.0,6702.0,6791.0,44.97986577181208,12,-1
460,w0,delay_ft.C.1,6391.0,1,580,1,COMPLETED_SUCCESSFULLY,13147.0,386.0,13533.0,6756.0,7142.0,11.648275862068965,8,-1
489,w0,delay_is.B.1,6767.0,1,70,1,COMPLETED_SUCCESSFULLY,13533.0,9.0,13542.0,6766.0,6775.0,96.65714285714286,8,-1
473,w0,delay_ft.C.2,6551.0,2,399,1,COMPLETED_SUCCESSFULLY,13288.0,265.0,13553.0,6737.0,7002.0,16.884711779448622,7 10,-1
488,w0,delay_ft.B.4,6752.0,4,96,1,COMPLETED_SUCCESSFULLY,13521.0,36.0,13557.0,6769.0,6805.0,70.51041666666667,1 6 12-13,-1
471,w0,delay_lu.B.1,6527.0,1,420,1,COMPLETED_SUCCESSFULLY,13288.0,280.0,13568.0,6761.0,7041.0,16.097619047619048,0,-1
491,w0,delay_ft.B.4,6790.0,4,96,1,COMPLETED_SUCCESSFULLY,13557.0,36.0,13593.0,6767.0,6803.0,70.48958333333333,1 6 10 12,-1
493,w0,delay_is.B.1,6820.0,1,70,1,COMPLETED_SUCCESSFULLY,13593.0,9.0,13602.0,6773.0,6782.0,96.75714285714285,12,-1
494,w0,delay_is.B.2,6834.0,2,67,1,COMPLETED_SUCCESSFULLY,13602.0,7.0,13609.0,6768.0,6775.0,101.01492537313433,12-13,-1
495,w0,delay_is.B.1,6838.0,1,70,1,COMPLETED_SUCCESSFULLY,13609.0,9.0,13618.0,6771.0,6780.0,96.72857142857143,12,-1
479,w0,delay_lu.B.1,6615.0,1,420,1,COMPLETED_SUCCESSFULLY,13407.0,280.0,13687.0,6792.0,7072.0,16.17142857142857,15,-1
484,w0,delay_ft.C.2,6703.0,2,399,1,COMPLETED_SUCCESSFULLY,13427.0,265.0,13692.0,6724.0,6989.0,16.852130325814535,9 14,-1
490,w0,delay_lu.B.2,6776.0,2,212,1,COMPLETED_SUCCESSFULLY,13553.0,141.0,13694.0,6777.0,6918.0,31.96698113207547,7-8,-1
496,w0,delay_ft.B.4,6844.0,4,96,1,COMPLETED_SUCCESSFULLY,13692.0,36.0,13728.0,6848.0,6884.0,71.33333333333333,9 12-14,-1
492,w0,delay_ft.C.4,6797.0,4,228,1,COMPLETED_SUCCESSFULLY,13593.0,152.0,13745.0,6796.0,6948.0,29.80701754385965,0-1 6 10,-1
497,w0,delay_is.C.4,6854.0,4,77,1,COMPLETED_SUCCESSFULLY,13728.0,17.0,13745.0,6874.0,6891.0,89.27272727272727,7-9 12,-1
499,w0,delay_is.B.2,6871.0,2,67,1,COMPLETED_SUCCESSFULLY,13745.0,6.0,13751.0,6874.0,6880.0,102.59701492537313,13-14,-1
500,w0,delay_is.C.4,6887.0,4,77,1,COMPLETED_SUCCESSFULLY,13745.0,17.0,13762.0,6858.0,6875.0,89.06493506493507,7-9 12,-1
498,w0,delay_ft.B.4,6865.0,4,96,1,COMPLETED_SUCCESSFULLY,13745.0,36.0,13781.0,6880.0,6916.0,71.66666666666667,0-1 6 10,-1
482,w0,delay_ft.C.1,6646.0,1,580,1,COMPLETED_SUCCESSFULLY,13426.0,386.0,13812.0,6780.0,7166.0,11.689655172413794,11,-1
480,w0,delay_lu.C.2,6626.0,2,891,1,COMPLETED_SUCCESSFULLY,13426.0,593.0,14019.0,6800.0,7393.0,7.631874298540965,2-3,-1
481,w0,delay_lu.C.2,6633.0,2,891,1,COMPLETED_SUCCESSFULLY,13426.0,593.0,14019.0,6793.0,7386.0,7.624017957351291,4-5,-1
503,w0,delay_lu.B.1,6918.0,1,420,1,COMPLETED_SUCCESSFULLY,13762.0,280.0,14042.0,6844.0,7124.0,16.295238095238094,9,-1
501,w0,delay_lu.C.2,6896.0,2,891,1,COMPLETED_SUCCESSFULLY,13751.0,594.0,14345.0,6855.0,7449.0,7.693602693602694,13-14,-1
502,w0,delay_lu.C.2,6906.0,2,891,1,COMPLETED_SUCCESSFULLY,13762.0,593.0,14355.0,6856.0,7449.0,7.694725028058361,7-8,-1
504,w0,delay_lu.C.16,6933.0,16,156,1,COMPLETED_SUCCESSFULLY,14355.0,96.0,14451.0,7422.0,7518.0,47.57692307692308,0-15,-1
505,w0,delay_is.B.1,6937.0,1,70,1,COMPLETED_SUCCESSFULLY,14451.0,9.0,14460.0,7514.0,7523.0,107.34285714285714,0,-1
509,w0,delay_is.C.2,6981.0,2,87,1,COMPLETED_SUCCESSFULLY,14451.0,26.0,14477.0,7470.0,7496.0,85.86206896551724,8-9,-1
507,w0,delay_lu.B.4,6955.0,4,148,1,COMPLETED_SUCCESSFULLY,14451.0,88.0,14539.0,7496.0,7584.0,50.648648648648646,2-5,-1
506,w0,delay_ft.B.1,6944.0,1,149,1,COMPLETED_SUCCESSFULLY,14451.0,88.0,14539.0,7507.0,7595.0,50.38255033557047,1,-1
513,w0,delay_is.B.2,7014.0,2,67,1,COMPLETED_SUCCESSFULLY,14539.0,6.0,14545.0,7525.0,7531.0,112.31343283582089,2-3,-1
510,w0,delay_lu.B.2,6992.0,2,212,1,COMPLETED_SUCCESSFULLY,14451.0,141.0,14592.0,7459.0,7600.0,35.18396226415094,10-11,-1
511,w0,delay_ft.C.4,7005.0,4,228,1,COMPLETED_SUCCESSFULLY,14451.0,152.0,14603.0,7446.0,7598.0,32.6578947368421,12-15,-1
515,w0,delay_ft.C.8,7029.0,8,141,1,COMPLETED_SUCCESSFULLY,14603.0,80.0,14683.0,7574.0,7654.0,53.716312056737586,1-3 5 9-12,-1
517,w0,delay_is.B.2,7063.0,2,67,1,COMPLETED_SUCCESSFULLY,14683.0,7.0,14690.0,7620.0,7627.0,113.73134328358209,1-2,-1
519,w0,delay_is.B.2,7098.0,2,67,1,COMPLETED_SUCCESSFULLY,14683.0,7.0,14690.0,7585.0,7592.0,113.2089552238806,5 9,-1
521,w0,delay_is.B.4,7126.0,4,64,1,COMPLETED_SUCCESSFULLY,14690.0,4.0,14694.0,7564.0,7568.0,118.1875,1-2 12 15,-1
518,w0,delay_ft.B.1,7077.0,1,149,1,COMPLETED_SUCCESSFULLY,14683.0,89.0,14772.0,7606.0,7695.0,51.04697986577181,3,-1
525,w0,delay_ft.B.1,7155.0,1,149,1,COMPLETED_SUCCESSFULLY,14694.0,89.0,14783.0,7539.0,7628.0,50.59731543624161,15,-1
514,w0,delay_lu.B.1,7016.0,1,420,1,COMPLETED_SUCCESSFULLY,14539.0,280.0,14819.0,7523.0,7803.0,17.91190476190476,4,-1
520,w0,delay_lu.B.2,7106.0,2,212,1,COMPLETED_SUCCESSFULLY,14683.0,141.0,14824.0,7577.0,7718.0,35.740566037735846,10-11,-1
516,w0,delay_ft.C.2,7045.0,2,399,1,COMPLETED_SUCCESSFULLY,14603.0,266.0,14869.0,7558.0,7824.0,18.94235588972431,13-14,-1
526,w0,delay_lu.B.2,7186.0,2,212,1,COMPLETED_SUCCESSFULLY,14783.0,141.0,14924.0,7597.0,7738.0,35.83490566037736,3 15,-1
522,w0,delay_ft.C.2,7132.0,2,399,1,COMPLETED_SUCCESSFULLY,14690.0,266.0,14956.0,7558.0,7824.0,18.94235588972431,5 9,-1
524,w0,delay_ft.C.2,7139.0,2,399,1,COMPLETED_SUCCESSFULLY,14694.0,266.0,14960.0,7555.0,7821.0,18.93483709273183,2 12,-1
530,w0,delay_is.B.2,7235.0,2,67,1,COMPLETED_SUCCESSFULLY,14960.0,6.0,14966.0,7725.0,7731.0,115.29850746268657,2 12,-1
532,w0,delay_is.B.2,7261.0,2,67,1,COMPLETED_SUCCESSFULLY,14966.0,7.0,14973.0,7705.0,7712.0,115.0,2 12,-1
528,w0,delay_lu.B.4,7217.0,4,148,1,COMPLETED_SUCCESSFULLY,14924.0,87.0,15011.0,7707.0,7794.0,52.07432432432432,3 11 13-14,-1
508,w0,delay_lu.C.2,6966.0,2,891,1,COMPLETED_SUCCESSFULLY,14451.0,593.0,15044.0,7485.0,8078.0,8.400673400673401,6-7,-1
531,w0,delay_ft.B.1,7250.0,1,149,1,COMPLETED_SUCCESSFULLY,14960.0,88.0,15048.0,7710.0,7798.0,51.74496644295302,15,-1
512,w0,delay_lu.C.2,7008.0,2,891,1,COMPLETED_SUCCESSFULLY,14477.0,594.0,15071.0,7469.0,8063.0,8.382716049382717,0 8,-1
523,w0,delay_ft.C.1,7136.0,1,580,1,COMPLETED_SUCCESSFULLY,14694.0,387.0,15081.0,7558.0,7945.0,13.03103448275862,1,-1
536,w0,delay_ft.B.4,7287.0,4,96,1,COMPLETED_SUCCESSFULLY,15048.0,36.0,15084.0,7761.0,7797.0,80.84375,6-7 14-15,-1
538,w0,delay_is.B.2,7308.0,2,67,1,COMPLETED_SUCCESSFULLY,15081.0,6.0,15087.0,7773.0,7779.0,116.01492537313433,1 8,-1
527,w0,delay_ft.C.2,7191.0,2,399,1,COMPLETED_SUCCESSFULLY,14824.0,266.0,15090.0,7633.0,7899.0,19.13032581453634,4 10,-1
539,w0,delay_lu.B.8,7320.0,8,109,1,COMPLETED_SUCCESSFULLY,15090.0,49.0,15139.0,7770.0,7819.0,71.28440366972477,1 4 6-8 10 14-15,-1
542,w0,delay_is.B.4,7357.0,4,64,1,COMPLETED_SUCCESSFULLY,15139.0,4.0,15143.0,7782.0,7786.0,121.59375,6-8 10,-1
537,w0,delay_ft.B.1,7300.0,1,149,1,COMPLETED_SUCCESSFULLY,15071.0,88.0,15159.0,7771.0,7859.0,52.15436241610738,0,-1
545,w0,delay_ft.B.2,7392.0,2,123,1,COMPLETED_SUCCESSFULLY,15159.0,62.0,15221.0,7767.0,7829.0,63.146341463414636,0 15,-1
529,w0,delay_ft.C.2,7227.0,2,399,1,COMPLETED_SUCCESSFULLY,14956.0,266.0,15222.0,7729.0,7995.0,19.370927318295738,5 9,-1
543,w0,delay_lu.B.4,7379.0,4,148,1,COMPLETED_SUCCESSFULLY,15143.0,88.0,15231.0,7764.0,7852.0,52.45945945945946,6-8 10,-1
544,w0,delay_ft.B.1,7385.0,1,149,1,COMPLETED_SUCCESSFULLY,15143.0,89.0,15232.0,7758.0,7847.0,52.06711409395973,14,-1
533,w0,delay_ft.C.2,7276.0,2,399,1,COMPLETED_SUCCESSFULLY,14973.0,266.0,15239.0,7697.0,7963.0,19.290726817042607,2 12,-1
535,w0,delay_lu.B.1,7285.0,1,420,1,COMPLETED_SUCCESSFULLY,15011.0,280.0,15291.0,7726.0,8006.0,18.395238095238096,13,-1
550,w0,delay_ft.B.1,7471.0,1,149,1,COMPLETED_SUCCESSFULLY,15231.0,88.0,15319.0,7760.0,7848.0,52.080536912751676,8,-1
546,w0,delay_lu.B.2,7395.0,2,212,1,COMPLETED_SUCCESSFULLY,15221.0,141.0,15362.0,7826.0,7967.0,36.91509433962264,0 15,-1
547,w0,delay_lu.B.2,7417.0,2,212,1,COMPLETED_SUCCESSFULLY,15222.0,141.0,15363.0,7805.0,7946.0,36.81603773584906,5 9,-1
540,w0,delay_lu.B.1,7334.0,1,420,1,COMPLETED_SUCCESSFULLY,15139.0,280.0,15419.0,7805.0,8085.0,18.583333333333332,1,-1
549,w0,delay_lu.B.1,7451.0,1,420,1,COMPLETED_SUCCESSFULLY,15231.0,280.0,15511.0,7780.0,8060.0,18.523809523809526,7,-1
551,w0,delay_lu.B.1,7483.0,1,420,1,COMPLETED_SUCCESSFULLY,15231.0,280.0,15511.0,7748.0,8028.0,18.447619047619046,10,-1
541,w0,delay_ft.C.1,7347.0,1,580,1,COMPLETED_SUCCESSFULLY,15139.0,387.0,15526.0,7792.0,8179.0,13.434482758620689,4,-1
534,w0,delay_lu.C.2,7279.0,2,891,1,COMPLETED_SUCCESSFULLY,15011.0,594.0,15605.0,7732.0,8326.0,8.677890011223344,3 11,-1
548,w0,delay_ft.C.1,7429.0,1,580,1,COMPLETED_SUCCESSFULLY,15231.0,386.0,15617.0,7802.0,8188.0,13.451724137931034,6,-1
552,w0,delay_ft.C.1,7497.0,1,580,1,COMPLETED_SUCCESSFULLY,15232.0,386.0,15618.0,7735.0,8121.0,13.336206896551724,14,-1
553,w0,delay_ft.B.16,7503.0,16,71,1,COMPLETED_SUCCESSFULLY,15618.0,10.0,15628.0,8115.0,8125.0,114.29577464788733,0-15,-1
559,w0,delay_is.B.2,7596.0,2,67,1,COMPLETED_SUCCESSFULLY,15628.0,7.0,15635.0,8032.0,8039.0,119.88059701492537,11-12,-1
557,w0,delay_is.B.1,7558.0,1,70,1,COMPLETED_SUCCESSFULLY,15628.0,10.0,15638.0,8070.0,8080.0,115.28571428571429,8,-1
560,w0,delay_is.B.4,7602.0,4,64,1,COMPLETED_SUCCESSFULLY,15635.0,4.0,15639.0,8033.0,8037.0,125.515625,11-14,-1
561,w0,delay_is.B.1,7619.0,1,70,1,COMPLETED_SUCCESSFULLY,15635.0,9.0,15644.0,8016.0,8025.0,114.51428571428572,15,-1
555,w0,delay_is.C.4,7532.0,4,77,1,COMPLETED_SUCCESSFULLY,15628.0,17.0,15645.0,8096.0,8113.0,105.14285714285714,2-5,-1
554,w0,delay_is.C.2,7522.0,2,87,1,COMPLETED_SUCCESSFULLY,15628.0,27.0,15655.0,8106.0,8133.0,93.17241379310344,0-1,-1
558,w0,delay_is.C.2,7580.0,2,87,1,COMPLETED_SUCCESSFULLY,15628.0,27.0,15655.0,8048.0,8075.0,92.50574712643679,9-10,-1
556,w0,delay_lu.B.2,7553.0,2,212,1,COMPLETED_SUCCESSFULLY,15628.0,141.0,15769.0,8075.0,8216.0,38.089622641509436,6-7,-1
562,w0,delay_lu.B.2,7627.0,2,212,1,COMPLETED_SUCCESSFULLY,15639.0,141.0,15780.0,8012.0,8153.0,37.79245283018868,8 11,-1
567,w0,delay_is.B.2,7671.0,2,67,1,COMPLETED_SUCCESSFULLY,15780.0,7.0,15787.0,8109.0,8116.0,121.02985074626865,8 10,-1
563,w0,delay_ft.C.4,7636.0,4,228,1,COMPLETED_SUCCESSFULLY,15644.0,152.0,15796.0,8008.0,8160.0,35.12280701754386,12-15,-1
568,w0,delay_ft.B.4,7683.0,4,96,1,COMPLETED_SUCCESSFULLY,15796.0,36.0,15832.0,8113.0,8149.0,84.51041666666667,8 10-12,-1
566,w0,delay_lu.B.4,7662.0,4,148,1,COMPLETED_SUCCESSFULLY,15769.0,88.0,15857.0,8107.0,8195.0,54.777027027027025,5-7 9,-1
570,w0,delay_is.C.2,7710.0,2,87,1,COMPLETED_SUCCESSFULLY,15832.0,27.0,15859.0,8122.0,8149.0,93.35632183908046,13-14,-1
573,w0,delay_is.C.2,7740.0,2,87,1,COMPLETED_SUCCESSFULLY,15857.0,26.0,15883.0,8117.0,8143.0,93.29885057471265,6-7,-1
575,w0,delay_is.C.2,7770.0,2,87,1,COMPLETED_SUCCESSFULLY,15883.0,27.0,15910.0,8113.0,8140.0,93.25287356321839,6-7,-1
571,w0,delay_ft.B.1,7720.0,1,149,1,COMPLETED_SUCCESSFULLY,15832.0,89.0,15921.0,8112.0,8201.0,54.442953020134226,15,-1
564,w0,delay_lu.B.1,7646.0,1,420,1,COMPLETED_SUCCESSFULLY,15645.0,280.0,15925.0,7999.0,8279.0,19.045238095238094,2,-1
576,w0,delay_is.C.4,7776.0,4,77,1,COMPLETED_SUCCESSFULLY,15921.0,16.0,15937.0,8145.0,8161.0,105.77922077922078,6-7 14-15,-1
565,w0,delay_lu.C.4,7658.0,4,436,1,COMPLETED_SUCCESSFULLY,15655.0,290.0,15945.0,7997.0,8287.0,18.341743119266056,0-1 3-4,-1
572,w0,delay_ft.B.1,7732.0,1,149,1,COMPLETED_SUCCESSFULLY,15857.0,89.0,15946.0,8125.0,8214.0,54.53020134228188,5,-1
577,w0,delay_lu.B.8,7782.0,8,109,1,COMPLETED_SUCCESSFULLY,15945.0,49.0,15994.0,8163.0,8212.0,74.88990825688073,0-4 6-7 14,-1
578,w0,delay_is.B.4,7807.0,4,64,1,COMPLETED_SUCCESSFULLY,15994.0,4.0,15998.0,8187.0,8191.0,127.921875,0-3,-1
574,w0,delay_lu.B.2,7760.0,2,212,1,COMPLETED_SUCCESSFULLY,15859.0,141.0,16000.0,8099.0,8240.0,38.20283018867924,9 13,-1
580,w0,delay_is.C.4,7824.0,4,77,1,COMPLETED_SUCCESSFULLY,15994.0,17.0,16011.0,8170.0,8187.0,106.1038961038961,6-7 14-15,-1
581,w0,delay_ft.B.4,7830.0,4,96,1,COMPLETED_SUCCESSFULLY,15998.0,36.0,16034.0,8168.0,8204.0,85.08333333333333,0-3,-1
585,w0,delay_is.C.4,7873.0,4,77,1,COMPLETED_SUCCESSFULLY,16034.0,17.0,16051.0,8161.0,8178.0,105.98701298701299,0-3,-1
582,w0,delay_ft.B.2,7836.0,2,123,1,COMPLETED_SUCCESSFULLY,16000.0,62.0,16062.0,8164.0,8226.0,66.3739837398374,9 13,-1
588,w0,delay_is.C.2,7906.0,2,87,1,COMPLETED_SUCCESSFULLY,16051.0,26.0,16077.0,8145.0,8171.0,93.62068965517241,2-3,-1
584,w0,delay_ft.B.1,7868.0,1,149,1,COMPLETED_SUCCESSFULLY,16011.0,88.0,16099.0,8143.0,8231.0,54.651006711409394,7,-1
569,w0,delay_lu.C.4,7704.0,4,436,1,COMPLETED_SUCCESSFULLY,15832.0,291.0,16123.0,8128.0,8419.0,18.642201834862384,8 10-12,-1
579,w0,delay_ft.C.2,7817.0,2,399,1,COMPLETED_SUCCESSFULLY,15994.0,266.0,16260.0,8177.0,8443.0,20.493734335839598,4-5,-1
583,w0,delay_lu.B.1,7855.0,1,420,1,COMPLETED_SUCCESSFULLY,16011.0,280.0,16291.0,8156.0,8436.0,19.419047619047618,6,-1
586,w0,delay_lu.C.2,7885.0,2,891,1,COMPLETED_SUCCESSFULLY,16034.0,594.0,16628.0,8149.0,8743.0,9.145903479236813,14-15,-1
587,w0,delay_lu.C.2,7902.0,2,891,1,COMPLETED_SUCCESSFULLY,16051.0,593.0,16644.0,8149.0,8742.0,9.145903479236813,0-1,-1
589,w0,delay_ft.B.16,7919.0,16,71,1,COMPLETED_SUCCESSFULLY,16644.0,11.0,16655.0,8725.0,8736.0,122.88732394366197,0-15,-1
594,w0,delay_is.C.2,7982.0,2,87,1,COMPLETED_SUCCESSFULLY,16655.0,26.0,16681.0,8673.0,8699.0,99.6896551724138,11-12,-1
592,w0,delay_ft.B.2,7961.0,2,123,1,COMPLETED_SUCCESSFULLY,16655.0,62.0,16717.0,8694.0,8756.0,70.6829268292683,8-9,-1
590,w0,delay_lu.B.4,7942.0,4,148,1,COMPLETED_SUCCESSFULLY,16655.0,87.0,16742.0,8713.0,8800.0,58.87162162162162,0-3,-1
596,w0,delay_is.C.8,8022.0,8,70,1,COMPLETED_SUCCESSFULLY,16742.0,10.0,16752.0,8720.0,8730.0,124.57142857142857,0-3 8-9 11-12,-1
595,w0,delay_lu.B.2,7996.0,2,212,1,COMPLETED_SUCCESSFULLY,16655.0,141.0,16796.0,8659.0,8800.0,40.844339622641506,13-14,-1
597,w0,delay_ft.B.1,8024.0,1,149,1,COMPLETED_SUCCESSFULLY,16742.0,89.0,16831.0,8718.0,8807.0,58.51006711409396,15,-1
598,w0,delay_lu.B.4,8037.0,4,148,1,COMPLETED_SUCCESSFULLY,16752.0,88.0,16840.0,8715.0,8803.0,58.88513513513514,0-3,-1
601,w0,delay_is.B.1,8065.0,1,70,1,COMPLETED_SUCCESSFULLY,16840.0,9.0,16849.0,8775.0,8784.0,125.35714285714286,14,-1
599,w0,delay_lu.B.8,8048.0,8,109,1,COMPLETED_SUCCESSFULLY,16840.0,48.0,16888.0,8792.0,8840.0,80.66055045871559,0-3 8-9 11-12,-1
602,w0,delay_ft.B.4,8074.0,4,96,1,COMPLETED_SUCCESSFULLY,16888.0,36.0,16924.0,8814.0,8850.0,91.8125,0-3,-1
591,w0,delay_lu.C.4,7948.0,4,436,1,COMPLETED_SUCCESSFULLY,16655.0,290.0,16945.0,8707.0,8997.0,19.970183486238533,4-7,-1
603,w0,delay_lu.B.4,8075.0,4,148,1,COMPLETED_SUCCESSFULLY,16888.0,88.0,16976.0,8813.0,8901.0,59.5472972972973,8-9 11-12,-1
593,w0,delay_ft.C.1,7967.0,1,580,1,COMPLETED_SUCCESSFULLY,16655.0,386.0,17041.0,8688.0,9074.0,14.979310344827587,10,-1
600,w0,delay_lu.B.1,8059.0,1,420,1,COMPLETED_SUCCESSFULLY,16840.0,280.0,17120.0,8781.0,9061.0,20.90714285714286,13,-1
606,w0,delay_is.C.8,8110.0,8,70,1,COMPLETED_SUCCESSFULLY,17120.0,9.0,17129.0,9010.0,9019.0,128.71428571428572,8-15,-1
607,w0,delay_is.B.2,8123.0,2,67,1,COMPLETED_SUCCESSFULLY,17129.0,7.0,17136.0,9006.0,9013.0,134.4179104477612,8-9,-1
604,w0,delay_lu.C.4,8087.0,4,436,1,COMPLETED_SUCCESSFULLY,16924.0,291.0,17215.0,8837.0,9128.0,20.26834862385321,0-3,-1
608,w0,delay_lu.B.4,8135.0,4,148,1,COMPLETED_SUCCESSFULLY,17129.0,88.0,17217.0,8994.0,9082.0,60.770270270270274,10-13,-1
605,w0,delay_lu.C.4,8092.0,4,436,1,COMPLETED_SUCCESSFULLY,16945.0,291.0,17236.0,8853.0,9144.0,20.30504587155963,4-7,-1
612,w0,delay_lu.B.2,8179.0,2,212,1,COMPLETED_SUCCESSFULLY,17236.0,141.0,17377.0,9057.0,9198.0,42.721698113207545,12-13,-1
611,w0,delay_lu.C.8,8168.0,8,269,1,COMPLETED_SUCCESSFULLY,17236.0,179.0,17415.0,9068.0,9247.0,33.71003717472119,2-7 10-11,-1
609,w0,delay_lu.C.4,8151.0,4,436,1,COMPLETED_SUCCESSFULLY,17136.0,290.0,17426.0,8985.0,9275.0,20.607798165137616,8-9 14-15,-1
614,w0,delay_ft.B.4,8196.0,4,96,1,COMPLETED_SUCCESSFULLY,17426.0,36.0,17462.0,9230.0,9266.0,96.14583333333333,8-9 12-13,-1
610,w0,delay_ft.C.2,8163.0,2,399,1,COMPLETED_SUCCESSFULLY,17215.0,266.0,17481.0,9052.0,9318.0,22.68671679197995,0-1,-1
615,w0,delay_ft.B.1,8216.0,1,149,1,COMPLETED_SUCCESSFULLY,17426.0,89.0,17515.0,9210.0,9299.0,61.81208053691275,14,-1
617,w0,delay_ft.B.4,8242.0,4,96,1,COMPLETED_SUCCESSFULLY,17515.0,36.0,17551.0,9273.0,9309.0,96.59375,0-1 14-15,-1
618,w0,delay_is.B.1,8253.0,1,70,1,COMPLETED_SUCCESSFULLY,17551.0,9.0,17560.0,9298.0,9307.0,132.82857142857142,0,-1
613,w0,delay_lu.C.8,8188.0,8,269,1,COMPLETED_SUCCESSFULLY,17415.0,179.0,17594.0,9227.0,9406.0,34.301115241635685,2-7 10-11,-1
616,w0,delay_ft.C.4,8228.0,4,228,1,COMPLETED_SUCCESSFULLY,17462.0,152.0,17614.0,9234.0,9386.0,40.5,8-9 12-13,-1
621,w0,delay_ft.B.2,8309.0,2,123,1,COMPLETED_SUCCESSFULLY,17594.0,62.0,17656.0,9285.0,9347.0,75.48780487804878,4-5,-1
622,w0,delay_ft.B.2,8310.0,2,123,1,COMPLETED_SUCCESSFULLY,17594.0,62.0,17656.0,9284.0,9346.0,75.47967479674797,6-7,-1
624,w0,delay_ft.B.4,8354.0,4,96,1,COMPLETED_SUCCESSFULLY,17656.0,36.0,17692.0,9302.0,9338.0,96.89583333333333,4-7,-1
623,w0,delay_lu.B.4,8334.0,4,148,1,COMPLETED_SUCCESSFULLY,17614.0,88.0,17702.0,9280.0,9368.0,62.7027027027027,8-11,-1
619,w0,delay_ft.C.4,8266.0,4,228,1,COMPLETED_SUCCESSFULLY,17560.0,152.0,17712.0,9294.0,9446.0,40.76315789473684,0-1 14-15,-1
620,w0,delay_lu.B.2,8285.0,2,212,1,COMPLETED_SUCCESSFULLY,17594.0,141.0,17735.0,9309.0,9450.0,43.910377358490564,2-3,-1
627,w0,delay_ft.B.4,8388.0,4,96,1,COMPLETED_SUCCESSFULLY,17702.0,36.0,17738.0,9314.0,9350.0,97.02083333333333,8-11,-1
629,w0,delay_is.C.2,8405.0,2,87,1,COMPLETED_SUCCESSFULLY,17712.0,27.0,17739.0,9307.0,9334.0,106.97701149425288,14-15,-1
631,w0,delay_is.C.2,8428.0,2,87,1,COMPLETED_SUCCESSFULLY,17738.0,26.0,17764.0,9310.0,9336.0,107.01149425287356,8-9,-1
632,w0,delay_is.C.2,8439.0,2,87,1,COMPLETED_SUCCESSFULLY,17738.0,26.0,17764.0,9299.0,9325.0,106.88505747126437,10-11,-1
634,w0,delay_is.B.4,8469.0,4,64,1,COMPLETED_SUCCESSFULLY,17764.0,4.0,17768.0,9295.0,9299.0,145.234375,8-11,-1
630,w0,delay_ft.B.2,8418.0,2,123,1,COMPLETED_SUCCESSFULLY,17735.0,62.0,17797.0,9317.0,9379.0,75.7479674796748,2-3,-1
628,w0,delay_lu.B.2,8389.0,2,212,1,COMPLETED_SUCCESSFULLY,17712.0,141.0,17853.0,9323.0,9464.0,43.97641509433962,0-1,-1
638,w0,delay_is.B.4,8507.0,4,64,1,COMPLETED_SUCCESSFULLY,17853.0,4.0,17857.0,9346.0,9350.0,146.03125,0-3,-1
636,w0,delay_lu.B.2,8473.0,2,212,1,COMPLETED_SUCCESSFULLY,17768.0,141.0,17909.0,9295.0,9436.0,43.844339622641506,10-11,-1
625,w0,delay_ft.C.2,8366.0,2,399,1,COMPLETED_SUCCESSFULLY,17656.0,266.0,17922.0,9290.0,9556.0,23.283208020050125,12-13,-1
640,w0,delay_is.C.4,8544.0,4,77,1,COMPLETED_SUCCESSFULLY,17909.0,17.0,17926.0,9365.0,9382.0,121.62337662337663,2-3 10-11,-1
641,w0,delay_is.C.2,8551.0,2,87,1,COMPLETED_SUCCESSFULLY,17922.0,26.0,17948.0,9371.0,9397.0,107.71264367816092,12-13,-1
643,w0,delay_is.C.2,8571.0,2,87,1,COMPLETED_SUCCESSFULLY,17926.0,26.0,17952.0,9355.0,9381.0,107.52873563218391,10-11,-1
626,w0,delay_lu.C.4,8378.0,4,436,1,COMPLETED_SUCCESSFULLY,17692.0,291.0,17983.0,9314.0,9605.0,21.362385321100916,4-7,-1
642,w0,delay_ft.B.2,8556.0,2,123,1,COMPLETED_SUCCESSFULLY,17926.0,62.0,17988.0,9370.0,9432.0,76.17886178861788,2-3,-1
647,w0,delay_is.B.1,8648.0,1,70,1,COMPLETED_SUCCESSFULLY,17983.0,9.0,17992.0,9335.0,9344.0,133.35714285714286,4,-1
649,w0,delay_is.B.2,8669.0,2,67,1,COMPLETED_SUCCESSFULLY,17992.0,6.0,17998.0,9323.0,9329.0,139.1492537313433,4 7,-1
633,w0,delay_lu.B.1,8458.0,1,420,1,COMPLETED_SUCCESSFULLY,17739.0,280.0,18019.0,9281.0,9561.0,22.097619047619048,14,-1
651,w0,delay_is.B.2,8684.0,2,67,1,COMPLETED_SUCCESSFULLY,18019.0,6.0,18025.0,9335.0,9341.0,139.32835820895522,7 14,-1
635,w0,delay_ft.C.2,8471.0,2,399,1,COMPLETED_SUCCESSFULLY,17768.0,266.0,18034.0,9297.0,9563.0,23.30075187969925,8-9,-1
652,w0,delay_is.C.2,8701.0,2,87,1,COMPLETED_SUCCESSFULLY,18025.0,27.0,18052.0,9324.0,9351.0,107.17241379310344,7 14,-1
654,w0,delay_is.C.2,8748.0,2,87,1,COMPLETED_SUCCESSFULLY,18052.0,26.0,18078.0,9304.0,9330.0,106.94252873563218,7 14,-1
650,w0,delay_ft.B.1,8678.0,1,149,1,COMPLETED_SUCCESSFULLY,17998.0,89.0,18087.0,9320.0,9409.0,62.5503355704698,4,-1
648,w0,delay_ft.C.4,8656.0,4,228,1,COMPLETED_SUCCESSFULLY,17988.0,152.0,18140.0,9332.0,9484.0,40.92982456140351,2-3 5-6,-1
637,w0,delay_ft.C.1,8489.0,1,580,1,COMPLETED_SUCCESSFULLY,17768.0,387.0,18155.0,9279.0,9666.0,15.998275862068965,15,-1
655,w0,delay_ft.B.4,8758.0,4,96,1,COMPLETED_SUCCESSFULLY,18140.0,36.0,18176.0,9382.0,9418.0,97.72916666666667,2-5,-1
658,w0,delay_is.B.1,8805.0,1,70,1,COMPLETED_SUCCESSFULLY,18176.0,9.0,18185.0,9371.0,9380.0,133.87142857142857,3,-1
645,w0,delay_lu.B.1,8604.0,1,420,1,COMPLETED_SUCCESSFULLY,17948.0,280.0,18228.0,9344.0,9624.0,22.247619047619047,13,-1
659,w0,delay_ft.B.2,8818.0,2,123,1,COMPLETED_SUCCESSFULLY,18176.0,62.0,18238.0,9358.0,9420.0,76.08130081300813,4-5,-1
657,w0,delay_ft.B.1,8786.0,1,149,1,COMPLETED_SUCCESSFULLY,18176.0,88.0,18264.0,9390.0,9478.0,63.02013422818792,2,-1
660,w0,delay_ft.B.4,8828.0,4,96,1,COMPLETED_SUCCESSFULLY,18238.0,36.0,18274.0,9410.0,9446.0,98.02083333333333,3-5 13,-1
653,w0,delay_ft.C.2,8729.0,2,399,1,COMPLETED_SUCCESSFULLY,18034.0,266.0,18300.0,9305.0,9571.0,23.32080200501253,8-9,-1
661,w0,delay_is.C.2,8842.0,2,87,1,COMPLETED_SUCCESSFULLY,18274.0,26.0,18300.0,9432.0,9458.0,108.41379310344827,2-3,-1
656,w0,delay_ft.C.4,8771.0,4,228,1,COMPLETED_SUCCESSFULLY,18155.0,152.0,18307.0,9384.0,9536.0,41.1578947368421,6-7 14-15,-1
664,w0,delay_is.B.2,8893.0,2,67,1,COMPLETED_SUCCESSFULLY,18307.0,6.0,18313.0,9414.0,9420.0,140.50746268656715,13-14,-1
663,w0,delay_is.C.4,8875.0,4,77,1,COMPLETED_SUCCESSFULLY,18307.0,16.0,18323.0,9432.0,9448.0,122.49350649350649,2-3 6-7,-1
668,w0,delay_is.B.1,8925.0,1,70,1,COMPLETED_SUCCESSFULLY,18323.0,10.0,18333.0,9398.0,9408.0,134.25714285714287,15,-1
644,w0,delay_ft.C.1,8588.0,1,580,1,COMPLETED_SUCCESSFULLY,17948.0,387.0,18335.0,9360.0,9747.0,16.137931034482758,12,-1
666,w0,delay_ft.B.2,8913.0,2,123,1,COMPLETED_SUCCESSFULLY,18323.0,63.0,18386.0,9410.0,9473.0,76.5040650406504,2-3,-1
639,w0,delay_lu.C.2,8526.0,2,891,1,COMPLETED_SUCCESSFULLY,17857.0,594.0,18451.0,9331.0,9925.0,10.47250280583614,0-1,-1
665,w0,delay_lu.B.2,8901.0,2,212,1,COMPLETED_SUCCESSFULLY,18313.0,141.0,18454.0,9412.0,9553.0,44.39622641509434,13-14,-1
671,w0,delay_ft.B.2,8961.0,2,123,1,COMPLETED_SUCCESSFULLY,18451.0,62.0,18513.0,9490.0,9552.0,77.15447154471545,0-1,-1
646,w0,delay_lu.C.2,8620.0,2,891,1,COMPLETED_SUCCESSFULLY,17952.0,594.0,18546.0,9332.0,9926.0,10.473625140291807,10-11,-1
662,w0,delay_lu.C.4,8853.0,4,436,1,COMPLETED_SUCCESSFULLY,18300.0,291.0,18591.0,9447.0,9738.0,21.66743119266055,4-5 8-9,-1
670,w0,delay_lu.B.1,8945.0,1,420,1,COMPLETED_SUCCESSFULLY,18386.0,280.0,18666.0,9441.0,9721.0,22.478571428571428,2,-1
667,w0,delay_lu.C.2,8924.0,2,891,1,COMPLETED_SUCCESSFULLY,18323.0,594.0,18917.0,9399.0,9993.0,10.548821548821548,6-7,-1
669,w0,delay_lu.C.2,8932.0,2,891,1,COMPLETED_SUCCESSFULLY,18335.0,593.0,18928.0,9403.0,9996.0,10.55331088664422,12 15,-1
672,w0,delay_ft.C.16,8964.0,16,102,1,COMPLETED_SUCCESSFULLY,18928.0,42.0,18970.0,9964.0,10006.0,97.68627450980392,0-15,-1
677,w0,delay_is.B.4,9032.0,4,64,1,COMPLETED_SUCCESSFULLY,18970.0,4.0,18974.0,9938.0,9942.0,155.28125,6-9,-1
675,w0,delay_is.B.1,9007.0,1,70,1,COMPLETED_SUCCESSFULLY,18970.0,10.0,18980.0,9963.0,9973.0,142.32857142857142,4,-1
676,w0,delay_is.B.1,9022.0,1,70,1,COMPLETED_SUCCESSFULLY,18970.0,10.0,18980.0,9948.0,9958.0,142.11428571428573,5,-1
681,w0,delay_is.C.2,9071.0,2,87,1,COMPLETED_SUCCESSFULLY,18974.0,27.0,19001.0,9903.0,9930.0,113.82758620689656,6-7,-1
680,w0,delay_ft.B.2,9068.0,2,123,1,COMPLETED_SUCCESSFULLY,18970.0,62.0,19032.0,9902.0,9964.0,80.5040650406504,13-14,-1
684,w0,delay_lu.B.4,9101.0,4,148,1,COMPLETED_SUCCESSFULLY,19001.0,88.0,19089.0,9900.0,9988.0,66.89189189189189,4-7,-1
683,w0,delay_lu.B.2,9095.0,2,212,1,COMPLETED_SUCCESSFULLY,18974.0,141.0,19115.0,9879.0,10020.0,46.59905660377358,9 15,-1
673,w0,delay_ft.C.2,8972.0,2,399,1,COMPLETED_SUCCESSFULLY,18970.0,266.0,19236.0,9998.0,10264.0,25.05764411027569,0-1,-1
678,w0,delay_ft.C.2,9045.0,2,399,1,COMPLETED_SUCCESSFULLY,18970.0,266.0,19236.0,9925.0,10191.0,24.87468671679198,10-11,-1
686,w0,delay_is.C.8,9131.0,8,70,1,COMPLETED_SUCCESSFULLY,19236.0,10.0,19246.0,10105.0,10115.0,144.35714285714286,0-1 4-7 9 15,-1
687,w0,delay_is.B.4,9156.0,4,64,1,COMPLETED_SUCCESSFULLY,19246.0,4.0,19250.0,10090.0,10094.0,157.65625,0-1 4-5,-1
688,w0,delay_is.C.8,9165.0,8,70,1,COMPLETED_SUCCESSFULLY,19250.0,9.0,19259.0,10085.0,10094.0,144.07142857142858,0-1 4-7 9-10,-1
690,w0,delay_ft.B.4,9202.0,4,96,1,COMPLETED_SUCCESSFULLY,19259.0,36.0,19295.0,10057.0,10093.0,104.76041666666667,0-1 4-5,-1
685,w0,delay_ft.C.2,9113.0,2,399,1,COMPLETED_SUCCESSFULLY,19032.0,266.0,19298.0,9919.0,10185.0,24.859649122807017,13-14,-1
696,w0,delay_is.B.2,9270.0,2,67,1,COMPLETED_SUCCESSFULLY,19298.0,7.0,19305.0,10028.0,10035.0,149.67164179104478,13-14,-1
697,w0,delay_is.B.1,9286.0,1,70,1,COMPLETED_SUCCESSFULLY,19305.0,9.0,19314.0,10019.0,10028.0,143.12857142857143,13,-1
679,w0,delay_ft.C.1,9053.0,1,580,1,COMPLETED_SUCCESSFULLY,18970.0,387.0,19357.0,9917.0,10304.0,17.098275862068967,12,-1
682,w0,delay_ft.C.1,9088.0,1,580,1,COMPLETED_SUCCESSFULLY,18974.0,387.0,19361.0,9886.0,10273.0,17.044827586206896,8,-1
698,w0,delay_ft.B.1,9303.0,1,149,1,COMPLETED_SUCCESSFULLY,19305.0,88.0,19393.0,10002.0,10090.0,67.12751677852349,14,-1
692,w0,delay_lu.B.2,9227.0,2,212,1,COMPLETED_SUCCESSFULLY,19259.0,141.0,19400.0,10032.0,10173.0,47.320754716981135,9-10,-1
694,w0,delay_lu.B.2,9245.0,2,212,1,COMPLETED_SUCCESSFULLY,19295.0,141.0,19436.0,10050.0,10191.0,47.405660377358494,4-5,-1
691,w0,delay_ft.C.2,9223.0,2,399,1,COMPLETED_SUCCESSFULLY,19259.0,266.0,19525.0,10036.0,10302.0,25.152882205513784,6-7,-1
703,w0,delay_is.B.1,9382.0,1,70,1,COMPLETED_SUCCESSFULLY,19525.0,9.0,19534.0,10143.0,10152.0,144.9,14,-1
693,w0,delay_ft.C.2,9238.0,2,399,1,COMPLETED_SUCCESSFULLY,19295.0,266.0,19561.0,10057.0,10323.0,25.205513784461154,0-1,-1
674,w0,delay_lu.C.2,8987.0,2,891,1,COMPLETED_SUCCESSFULLY,18970.0,594.0,19564.0,9983.0,10577.0,11.204264870931537,2-3,-1
704,w0,delay_is.B.4,9414.0,4,64,1,COMPLETED_SUCCESSFULLY,19564.0,4.0,19568.0,10150.0,10154.0,158.59375,0-3,-1
701,w0,delay_ft.C.4,9337.0,4,228,1,COMPLETED_SUCCESSFULLY,19436.0,152.0,19588.0,10099.0,10251.0,44.29385964912281,4-5 9-10,-1
705,w0,delay_is.C.2,9425.0,2,87,1,COMPLETED_SUCCESSFULLY,19568.0,26.0,19594.0,10143.0,10169.0,116.58620689655173,0-1,-1
708,w0,delay_is.C.2,9465.0,2,87,1,COMPLETED_SUCCESSFULLY,19588.0,27.0,19615.0,10123.0,10150.0,116.35632183908046,4-5,-1
699,w0,delay_ft.C.2,9317.0,2,399,1,COMPLETED_SUCCESSFULLY,19357.0,266.0,19623.0,10040.0,10306.0,25.162907268170425,12-13,-1
689,w0,delay_ft.C.1,9181.0,1,580,1,COMPLETED_SUCCESSFULLY,19250.0,386.0,19636.0,10069.0,10455.0,17.360344827586207,11,-1
700,w0,delay_lu.B.1,9330.0,1,420,1,COMPLETED_SUCCESSFULLY,19361.0,280.0,19641.0,10031.0,10311.0,23.883333333333333,8,-1
702,w0,delay_lu.B.2,9354.0,2,212,1,COMPLETED_SUCCESSFULLY,19525.0,141.0,19666.0,10171.0,10312.0,47.97641509433962,6-7,-1
695,w0,delay_ft.C.1,9250.0,1,580,1,COMPLETED_SUCCESSFULLY,19295.0,387.0,19682.0,10045.0,10432.0,17.31896551724138,15,-1
709,w0,delay_lu.B.2,9477.0,2,212,1,COMPLETED_SUCCESSFULLY,19588.0,141.0,19729.0,10111.0,10252.0,47.693396226415096,9-10,-1
714,w0,delay_ft.B.2,9575.0,2,123,1,COMPLETED_SUCCESSFULLY,19729.0,62.0,19791.0,10154.0,10216.0,82.55284552845528,9-10,-1
706,w0,delay_ft.C.2,9438.0,2,399,1,COMPLETED_SUCCESSFULLY,19568.0,266.0,19834.0,10130.0,10396.0,25.38847117794486,2-3,-1
707,w0,delay_lu.B.1,9456.0,1,420,1,COMPLETED_SUCCESSFULLY,19568.0,280.0,19848.0,10112.0,10392.0,24.076190476190476,14,-1
710,w0,delay_ft.C.2,9489.0,2,399,1,COMPLETED_SUCCESSFULLY,19594.0,266.0,19860.0,10105.0,10371.0,25.325814536340854,0-1,-1
716,w0,delay_is.C.2,9598.0,2,87,1,COMPLETED_SUCCESSFULLY,19834.0,26.0,19860.0,10236.0,10262.0,117.65517241379311,2-3,-1
711,w0,delay_ft.C.2,9503.0,2,399,1,COMPLETED_SUCCESSFULLY,19615.0,265.0,19880.0,10112.0,10377.0,25.343358395989974,4-5,-1
719,w0,delay_is.B.2,9672.0,2,67,1,COMPLETED_SUCCESSFULLY,19880.0,7.0,19887.0,10208.0,10215.0,152.3582089552239,4-5,-1
712,w0,delay_ft.C.2,9519.0,2,399,1,COMPLETED_SUCCESSFULLY,19623.0,265.0,19888.0,10104.0,10369.0,25.32330827067669,12-13,-1
720,w0,delay_is.C.4,9682.0,4,77,1,COMPLETED_SUCCESSFULLY,19888.0,17.0,19905.0,10206.0,10223.0,132.54545454545453,4-5 12-13,-1
718,w0,delay_ft.B.1,9639.0,1,149,1,COMPLETED_SUCCESSFULLY,19860.0,89.0,19949.0,10221.0,10310.0,68.59731543624162,14,-1
713,w0,delay_lu.C.4,9536.0,4,436,1,COMPLETED_SUCCESSFULLY,19666.0,291.0,19957.0,10130.0,10421.0,23.23394495412844,6-8 11,-1
717,w0,delay_ft.C.4,9611.0,4,228,1,COMPLETED_SUCCESSFULLY,19860.0,152.0,20012.0,10249.0,10401.0,44.95175438596491,0-3,-1
724,w0,delay_ft.B.2,9752.0,2,123,1,COMPLETED_SUCCESSFULLY,19957.0,62.0,20019.0,10205.0,10267.0,82.96747967479675,12-13,-1
722,w0,delay_lu.B.2,9719.0,2,212,1,COMPLETED_SUCCESSFULLY,19905.0,141.0,20046.0,10186.0,10327.0,48.04716981132076,4-5,-1
715,w0,delay_ft.C.2,9588.0,2,399,1,COMPLETED_SUCCESSFULLY,19791.0,266.0,20057.0,10203.0,10469.0,25.571428571428573,9-10,-1
730,w0,delay_is.C.2,9822.0,2,87,1,COMPLETED_SUCCESSFULLY,20057.0,26.0,20083.0,10235.0,10261.0,117.64367816091954,9-10,-1
723,w0,delay_ft.C.4,9737.0,4,228,1,COMPLETED_SUCCESSFULLY,19957.0,152.0,20109.0,10220.0,10372.0,44.824561403508774,6-8 11,-1
721,w0,delay_lu.B.1,9690.0,1,420,1,COMPLETED_SUCCESSFULLY,19888.0,280.0,20168.0,10198.0,10478.0,24.28095238095238,15,-1
733,w0,delay_ft.B.4,9860.0,4,96,1,COMPLETED_SUCCESSFULLY,20168.0,36.0,20204.0,10308.0,10344.0,107.375,8 10-11 15,-1
735,w0,delay_is.C.2,9868.0,2,87,1,COMPLETED_SUCCESSFULLY,20204.0,27.0,20231.0,10336.0,10363.0,118.80459770114942,10-11,-1
734,w0,delay_ft.B.1,9865.0,1,149,1,COMPLETED_SUCCESSFULLY,20204.0,89.0,20293.0,10339.0,10428.0,69.38926174496645,8,-1
728,w0,delay_lu.C.4,9799.0,4,436,1,COMPLETED_SUCCESSFULLY,20019.0,290.0,20309.0,10220.0,10510.0,23.440366972477065,2-3 12-13,-1
729,w0,delay_ft.C.2,9813.0,2,399,1,COMPLETED_SUCCESSFULLY,20046.0,266.0,20312.0,10233.0,10499.0,25.646616541353385,4-5,-1
725,w0,delay_ft.C.1,9763.0,1,580,1,COMPLETED_SUCCESSFULLY,19957.0,386.0,20343.0,10194.0,10580.0,17.575862068965517,14,-1
726,w0,delay_ft.C.1,9783.0,1,580,1,COMPLETED_SUCCESSFULLY,20012.0,387.0,20399.0,10229.0,10616.0,17.636206896551723,0,-1
727,w0,delay_ft.C.1,9792.0,1,580,1,COMPLETED_SUCCESSFULLY,20012.0,387.0,20399.0,10220.0,10607.0,17.620689655172413,1,-1
731,w0,delay_ft.C.1,9840.0,1,580,1,COMPLETED_SUCCESSFULLY,20083.0,387.0,20470.0,10243.0,10630.0,17.660344827586208,9,-1
736,w0,delay_lu.B.1,9886.0,1,420,1,COMPLETED_SUCCESSFULLY,20204.0,280.0,20484.0,10318.0,10598.0,24.566666666666666,15,-1
737,w0,delay_lu.B.1,9900.0,1,420,1,COMPLETED_SUCCESSFULLY,20231.0,280.0,20511.0,10331.0,10611.0,24.597619047619048,10,-1
738,w0,delay_ft.C.1,9929.0,1,580,1,COMPLETED_SUCCESSFULLY,20231.0,386.0,20617.0,10302.0,10688.0,17.76206896551724,11,-1
732,w0,delay_lu.C.2,9843.0,2,891,1,COMPLETED_SUCCESSFULLY,20109.0,593.0,20702.0,10266.0,10859.0,11.521885521885523,6-7,-1
739,w0,delay_ft.C.16,9942.0,16,102,1,COMPLETED_SUCCESSFULLY,20702.0,42.0,20744.0,10760.0,10802.0,105.49019607843137,0-15,-1
743,w0,delay_is.C.8,10011.0,8,70,1,COMPLETED_SUCCESSFULLY,20744.0,10.0,20754.0,10733.0,10743.0,153.32857142857142,6-13,-1
745,w0,delay_is.B.2,10036.0,2,67,1,COMPLETED_SUCCESSFULLY,20754.0,6.0,20760.0,10718.0,10724.0,159.97014925373134,6-7,-1
748,w0,delay_is.B.4,10072.0,4,64,1,COMPLETED_SUCCESSFULLY,20760.0,4.0,20764.0,10688.0,10692.0,167.0,6-7 12-13,-1
742,w0,delay_ft.B.2,10002.0,2,123,1,COMPLETED_SUCCESSFULLY,20744.0,62.0,20806.0,10742.0,10804.0,87.33333333333333,4-5,-1
751,w0,delay_is.B.4,10133.0,4,64,1,COMPLETED_SUCCESSFULLY,20806.0,4.0,20810.0,10673.0,10677.0,166.765625,4-5 12-13,-1
746,w0,delay_ft.B.2,10051.0,2,123,1,COMPLETED_SUCCESSFULLY,20754.0,62.0,20816.0,10703.0,10765.0,87.01626016260163,8-9,-1
749,w0,delay_ft.B.1,10094.0,1,149,1,COMPLETED_SUCCESSFULLY,20760.0,89.0,20849.0,10666.0,10755.0,71.58389261744966,15,-1
741,w0,delay_lu.B.2,9979.0,2,212,1,COMPLETED_SUCCESSFULLY,20744.0,141.0,20885.0,10765.0,10906.0,50.778301886792455,2-3,-1
752,w0,delay_ft.B.1,10143.0,1,149,1,COMPLETED_SUCCESSFULLY,20810.0,89.0,20899.0,10667.0,10756.0,71.59060402684564,4,-1
750,w0,delay_lu.B.2,10107.0,2,212,1,COMPLETED_SUCCESSFULLY,20764.0,141.0,20905.0,10657.0,10798.0,50.2688679245283,6-7,-1
755,w0,delay_is.C.8,10185.0,8,70,1,COMPLETED_SUCCESSFULLY,20905.0,10.0,20915.0,10720.0,10730.0,153.14285714285714,2-4 6-9 15,-1
756,w0,delay_is.B.2,10201.0,2,67,1,COMPLETED_SUCCESSFULLY,20915.0,6.0,20921.0,10714.0,10720.0,159.91044776119404,2-3,-1
758,w0,delay_is.B.1,10220.0,1,70,1,COMPLETED_SUCCESSFULLY,20915.0,9.0,20924.0,10695.0,10704.0,152.78571428571428,7,-1
761,w0,delay_is.B.1,10260.0,1,70,1,COMPLETED_SUCCESSFULLY,20921.0,10.0,20931.0,10661.0,10671.0,152.3,15,-1
760,w0,delay_is.C.2,10248.0,2,87,1,COMPLETED_SUCCESSFULLY,20921.0,27.0,20948.0,10673.0,10700.0,122.67816091954023,2-3,-1
740,w0,delay_ft.C.2,9957.0,2,399,1,COMPLETED_SUCCESSFULLY,20744.0,266.0,21010.0,10787.0,11053.0,27.035087719298247,0-1,-1
744,w0,delay_lu.B.1,10029.0,1,420,1,COMPLETED_SUCCESSFULLY,20744.0,280.0,21024.0,10715.0,10995.0,25.511904761904763,14,-1
757,w0,delay_lu.B.2,10216.0,2,212,1,COMPLETED_SUCCESSFULLY,20915.0,141.0,21056.0,10699.0,10840.0,50.466981132075475,4 6,-1
753,w0,delay_lu.B.1,10157.0,1,420,1,COMPLETED_SUCCESSFULLY,20810.0,280.0,21090.0,10653.0,10933.0,25.364285714285714,5,-1
762,w0,delay_ft.C.8,10276.0,8,141,1,COMPLETED_SUCCESSFULLY,21056.0,81.0,21137.0,10780.0,10861.0,76.45390070921985,0-4 6-7 14,-1
759,w0,delay_ft.C.2,10236.0,2,399,1,COMPLETED_SUCCESSFULLY,20915.0,266.0,21181.0,10679.0,10945.0,26.764411027568922,8-9,-1
768,w0,delay_is.B.2,10374.0,2,67,1,COMPLETED_SUCCESSFULLY,21181.0,6.0,21187.0,10807.0,10813.0,161.29850746268656,8-9,-1
769,w0,delay_is.B.1,10395.0,1,70,1,COMPLETED_SUCCESSFULLY,21187.0,10.0,21197.0,10792.0,10802.0,154.17142857142858,8,-1
767,w0,delay_ft.B.1,10342.0,1,149,1,COMPLETED_SUCCESSFULLY,21137.0,88.0,21225.0,10795.0,10883.0,72.4496644295302,14,-1
763,w0,delay_lu.B.2,10293.0,2,212,1,COMPLETED_SUCCESSFULLY,21090.0,141.0,21231.0,10797.0,10938.0,50.929245283018865,5 15,-1
770,w0,delay_ft.B.2,10416.0,2,123,1,COMPLETED_SUCCESSFULLY,21197.0,62.0,21259.0,10781.0,10843.0,87.65040650406505,8-9,-1
771,w0,delay_is.B.4,10432.0,4,64,1,COMPLETED_SUCCESSFULLY,21259.0,4.0,21263.0,10827.0,10831.0,169.171875,5 8-9 14,-1
766,w0,delay_ft.C.4,10327.0,4,228,1,COMPLETED_SUCCESSFULLY,21137.0,151.0,21288.0,10810.0,10961.0,47.41228070175438,3-4 6-7,-1
772,w0,delay_is.C.2,10441.0,2,87,1,COMPLETED_SUCCESSFULLY,21263.0,26.0,21289.0,10822.0,10848.0,124.39080459770115,5 8,-1
776,w0,delay_is.B.1,10506.0,1,70,1,COMPLETED_SUCCESSFULLY,21288.0,10.0,21298.0,10782.0,10792.0,154.02857142857144,4,-1
747,w0,delay_lu.C.2,10065.0,2,891,1,COMPLETED_SUCCESSFULLY,20754.0,593.0,21347.0,10689.0,11282.0,11.996632996632997,10-11,-1
773,w0,delay_ft.B.1,10458.0,1,149,1,COMPLETED_SUCCESSFULLY,21263.0,88.0,21351.0,10805.0,10893.0,72.51677852348993,9,-1
778,w0,delay_is.B.2,10533.0,2,67,1,COMPLETED_SUCCESSFULLY,21347.0,7.0,21354.0,10814.0,10821.0,161.40298507462686,4 10,-1
777,w0,delay_lu.B.4,10513.0,4,148,1,COMPLETED_SUCCESSFULLY,21289.0,88.0,21377.0,10776.0,10864.0,72.8108108108108,5-8,-1
781,w0,delay_is.B.2,10563.0,2,67,1,COMPLETED_SUCCESSFULLY,21377.0,6.0,21383.0,10814.0,10820.0,161.40298507462686,8 10,-1
780,w0,delay_is.C.4,10545.0,4,77,1,COMPLETED_SUCCESSFULLY,21377.0,16.0,21393.0,10832.0,10848.0,140.67532467532467,4-7,-1
754,w0,delay_lu.C.2,10172.0,2,891,1,COMPLETED_SUCCESSFULLY,20810.0,594.0,21404.0,10638.0,11232.0,11.93939393939394,12-13,-1
783,w0,delay_is.B.4,10592.0,4,64,1,COMPLETED_SUCCESSFULLY,21404.0,4.0,21408.0,10812.0,10816.0,168.9375,8 10 12-13,-1
765,w0,delay_ft.C.1,10308.0,1,580,1,COMPLETED_SUCCESSFULLY,21137.0,386.0,21523.0,10829.0,11215.0,18.670689655172414,2,-1
774,w0,delay_ft.C.2,10470.0,2,399,1,COMPLETED_SUCCESSFULLY,21263.0,265.0,21528.0,10793.0,11058.0,27.050125313283207,14-15,-1
782,w0,delay_ft.C.4,10579.0,4,228,1,COMPLETED_SUCCESSFULLY,21393.0,152.0,21545.0,10814.0,10966.0,47.42982456140351,4-7,-1
787,w0,delay_is.B.1,10633.0,1,70,1,COMPLETED_SUCCESSFULLY,21545.0,10.0,21555.0,10912.0,10922.0,155.88571428571427,15,-1
775,w0,delay_ft.C.1,10498.0,1,580,1,COMPLETED_SUCCESSFULLY,21288.0,387.0,21675.0,10790.0,11177.0,18.603448275862068,3,-1
788,w0,delay_is.B.2,10646.0,2,67,1,COMPLETED_SUCCESSFULLY,21675.0,7.0,21682.0,11029.0,11036.0,164.61194029850745,3 15,-1
784,w0,delay_lu.C.4,10604.0,4,436,1,COMPLETED_SUCCESSFULLY,21408.0,290.0,21698.0,10804.0,11094.0,24.779816513761467,8 10 12-13,-1
789,w0,delay_is.B.4,10654.0,4,64,1,COMPLETED_SUCCESSFULLY,21698.0,4.0,21702.0,11044.0,11048.0,172.5625,3 8 10 12,-1
764,w0,delay_lu.C.2,10300.0,2,891,1,COMPLETED_SUCCESSFULLY,21137.0,593.0,21730.0,10837.0,11430.0,12.16273849607183,0-1,-1
792,w0,delay_ft.B.1,10682.0,1,149,1,COMPLETED_SUCCESSFULLY,21702.0,89.0,21791.0,11020.0,11109.0,73.95973154362416,3,-1
786,w0,delay_lu.C.4,10626.0,4,436,1,COMPLETED_SUCCESSFULLY,21545.0,291.0,21836.0,10919.0,11210.0,25.043577981651374,4-7,-1
797,w0,delay_is.B.1,10727.0,1,70,1,COMPLETED_SUCCESSFULLY,21836.0,9.0,21845.0,11109.0,11118.0,158.7,6,-1
798,w0,delay_is.B.2,10735.0,2,67,1,COMPLETED_SUCCESSFULLY,21845.0,7.0,21852.0,11110.0,11117.0,165.82089552238807,6-7,-1
796,w0,delay_is.C.2,10718.0,2,87,1,COMPLETED_SUCCESSFULLY,21836.0,26.0,21862.0,11118.0,11144.0,127.79310344827586,4-5,-1
779,w0,delay_lu.C.2,10544.0,2,891,1,COMPLETED_SUCCESSFULLY,21351.0,594.0,21945.0,10807.0,11401.0,12.129068462401795,9 11,-1
793,w0,delay_ft.C.2,10691.0,2,399,1,COMPLETED_SUCCESSFULLY,21702.0,266.0,21968.0,11011.0,11277.0,27.596491228070175,8 10,-1
791,w0,delay_lu.B.1,10676.0,1,420,1,COMPLETED_SUCCESSFULLY,21698.0,280.0,21978.0,11022.0,11302.0,26.242857142857144,15,-1
790,w0,delay_ft.C.1,10665.0,1,580,1,COMPLETED_SUCCESSFULLY,21698.0,387.0,22085.0,11033.0,11420.0,19.02241379310345,13,-1
799,w0,delay_ft.C.2,10759.0,2,399,1,COMPLETED_SUCCESSFULLY,21852.0,266.0,22118.0,11093.0,11359.0,27.80200501253133,6-7,-1
785,w0,delay_lu.C.2,10616.0,2,891,1,COMPLETED_SUCCESSFULLY,21528.0,594.0,22122.0,10912.0,11506.0,12.246913580246913,2 14,-1
794,w0,delay_lu.C.2,10707.0,2,891,1,COMPLETED_SUCCESSFULLY,21730.0,594.0,22324.0,11023.0,11617.0,12.371492704826037,0-1,-1
795,w0,delay_lu.C.2,10713.0,2,891,1,COMPLETED_SUCCESSFULLY,21791.0,593.0,22384.0,11078.0,11671.0,12.433221099887767,3 12,-1
